This is XeTeX, Version 3.14159265-2.6-0.999991 (MiKTeX 2.9.6930) (preloaded format=xelatex 2019.1.23)  24 JAN 2019 12:50
entering extended mode
**./thesis.tex
(thesis.tex
LaTeX2e <2018-04-01> patch level 5
(harvard-thesis.cls
Document Class: harvard-thesis 2012/04/05 v0.4 Harvard University Thesis Class
(/home/mateo/.miktex/texmfs/install/tex/latex/base/book.cls
Document Class: book 2014/09/29 v1.4h Standard LaTeX document class
(/home/mateo/.miktex/texmfs/install/tex/latex/base/bk12.clo
File: bk12.clo 2014/09/29 v1.4h Standard LaTeX file (size option)
)
\c@part=\count80
\c@chapter=\count81
\c@section=\count82
\c@subsection=\count83
\c@subsubsection=\count84
\c@paragraph=\count85
\c@subparagraph=\count86
\c@figure=\count87
\c@table=\count88
\abovecaptionskip=\skip41
\belowcaptionskip=\skip42
\bibindent=\dimen102
)
(/home/mateo/.miktex/texmfs/install/tex/latex/graphics/graphicx.sty
Package: graphicx 2017/06/01 v1.1a Enhanced LaTeX Graphics (DPC,SPQR)

(/home/mateo/.miktex/texmfs/install/tex/latex/graphics/keyval.sty
Package: keyval 2014/10/28 v1.15 key=value parser (DPC)
\KV@toks@=\toks14
)
(/home/mateo/.miktex/texmfs/install/tex/latex/graphics/graphics.sty
Package: graphics 2017/06/25 v1.2c Standard LaTeX Graphics (DPC,SPQR)

(/home/mateo/.miktex/texmfs/install/tex/latex/graphics/trig.sty
Package: trig 2016/01/03 v1.10 sin cos tan (DPC)
)
(/home/mateo/.miktex/texmfs/install/tex/latex/graphics-cfg/graphics.cfg
File: graphics.cfg 2016/06/04 v1.11 sample graphics configuration
)
Package graphics Info: Driver file: xetex.def on input line 99.

(/home/mateo/.miktex/texmfs/install/tex/latex/graphics-def/xetex.def
File: xetex.def 2017/06/24 v5.0h Graphics/color driver for xetex
))
\Gin@req@height=\dimen103
\Gin@req@width=\dimen104
)
(/home/mateo/.miktex/texmfs/install/tex/latex/hyperref/hyperref.sty
Package: hyperref 2018/09/30 v6.88a Hypertext links for LaTeX

(/home/mateo/.miktex/texmfs/install/tex/generic/oberdiek/hobsub-hyperref.sty
Package: hobsub-hyperref 2016/05/16 v1.14 Bundle oberdiek, subset hyperref (HO)


(/home/mateo/.miktex/texmfs/install/tex/generic/oberdiek/hobsub-generic.sty
Package: hobsub-generic 2016/05/16 v1.14 Bundle oberdiek, subset generic (HO)
Package: hobsub 2016/05/16 v1.14 Construct package bundles (HO)
Package: infwarerr 2016/05/16 v1.4 Providing info/warning/error messages (HO)
Package: ltxcmds 2016/05/16 v1.23 LaTeX kernel commands for general use (HO)
Package: ifluatex 2016/05/16 v1.4 Provides the ifluatex switch (HO)
Package ifluatex Info: LuaTeX not detected.
Package: ifvtex 2016/05/16 v1.6 Detect VTeX and its facilities (HO)
Package ifvtex Info: VTeX not detected.
Package: intcalc 2016/05/16 v1.2 Expandable calculations with integers (HO)
Package: ifpdf 2018/09/07 v3.3 Provides the ifpdf switch
Package: etexcmds 2016/05/16 v1.6 Avoid name clashes with e-TeX commands (HO)
Package: kvsetkeys 2016/05/16 v1.17 Key value parser (HO)
Package: kvdefinekeys 2016/05/16 v1.4 Define keys (HO)
Package: pdftexcmds 2018/09/10 v0.29 Utility functions of pdfTeX for LuaTeX (HO
)
Package pdftexcmds Info: LuaTeX not detected.
Package pdftexcmds Info: pdfTeX >= 1.30 not detected.
Package pdftexcmds Info: \pdf@primitive is available.
Package pdftexcmds Info: \pdf@ifprimitive is available.
Package pdftexcmds Info: \pdfdraftmode not found.
Package: pdfescape 2016/05/16 v1.14 Implements pdfTeX's escape features (HO)
Package: bigintcalc 2016/05/16 v1.4 Expandable calculations on big integers (HO
)
Package: bitset 2016/05/16 v1.2 Handle bit-vector datatype (HO)
Package: uniquecounter 2016/05/16 v1.3 Provide unlimited unique counter (HO)
)
Package hobsub Info: Skipping package `hobsub' (already loaded).
Package: letltxmacro 2016/05/16 v1.5 Let assignment for LaTeX macros (HO)
Package: hopatch 2016/05/16 v1.3 Wrapper for package hooks (HO)
Package: xcolor-patch 2016/05/16 xcolor patch
Package: atveryend 2016/05/16 v1.9 Hooks at the very end of document (HO)
Package atveryend Info: \enddocument detected (standard20110627).
Package: atbegshi 2016/06/09 v1.18 At begin shipout hook (HO)
Package: refcount 2016/05/16 v3.5 Data extraction from label references (HO)
Package: hycolor 2016/05/16 v1.8 Color options for hyperref/bookmark (HO)
)
(/home/mateo/.miktex/texmfs/install/tex/generic/ifxetex/ifxetex.sty
Package: ifxetex 2010/09/12 v0.6 Provides ifxetex conditional
)
(/home/mateo/.miktex/texmfs/install/tex/latex/oberdiek/auxhook.sty
Package: auxhook 2016/05/16 v1.4 Hooks for auxiliary files (HO)
)
(/home/mateo/.miktex/texmfs/install/tex/latex/oberdiek/kvoptions.sty
Package: kvoptions 2016/05/16 v3.12 Key value format for package options (HO)
)
\@linkdim=\dimen105
\Hy@linkcounter=\count89
\Hy@pagecounter=\count90

(/home/mateo/.miktex/texmfs/install/tex/latex/hyperref/pd1enc.def
File: pd1enc.def 2018/09/30 v6.88a Hyperref: PDFDocEncoding definition (HO)
)
\Hy@SavedSpaceFactor=\count91

(/home/mateo/.miktex/texmfs/install/tex/latex/00miktex/hyperref.cfg
File: hyperref.cfg 2002/06/06 v1.2 hyperref configuration of TeXLive
)
Package hyperref Info: Hyper figures OFF on input line 4535.
Package hyperref Info: Link nesting OFF on input line 4540.
Package hyperref Info: Hyper index ON on input line 4543.
Package hyperref Info: Plain pages OFF on input line 4550.
Package hyperref Info: Backreferencing OFF on input line 4555.
Package hyperref Info: Implicit mode ON; LaTeX internals redefined.
Package hyperref Info: Bookmarks ON on input line 4788.
\c@Hy@tempcnt=\count92

(/home/mateo/.miktex/texmfs/install/tex/latex/url/url.sty
\Urlmuskip=\muskip10
Package: url 2013/09/16  ver 3.4  Verb mode for urls, etc.
)
LaTeX Info: Redefining \url on input line 5141.
\XeTeXLinkMargin=\dimen106
\Fld@menulength=\count93
\Field@Width=\dimen107
\Fld@charsize=\dimen108
Package hyperref Info: Hyper figures OFF on input line 6396.
Package hyperref Info: Link nesting OFF on input line 6401.
Package hyperref Info: Hyper index ON on input line 6404.
Package hyperref Info: backreferencing OFF on input line 6411.
Package hyperref Info: Link coloring OFF on input line 6416.
Package hyperref Info: Link coloring with OCG OFF on input line 6421.
Package hyperref Info: PDF/A mode OFF on input line 6426.
LaTeX Info: Redefining \ref on input line 6466.
LaTeX Info: Redefining \pageref on input line 6470.
\Hy@abspage=\count94
\c@Item=\count95
\c@Hfootnote=\count96
)
Package hyperref Info: Driver (autodetected): hxetex.

(/home/mateo/.miktex/texmfs/install/tex/latex/hyperref/hxetex.def
File: hxetex.def 2018/09/30 v6.88a Hyperref driver for XeTeX

(/home/mateo/.miktex/texmfs/install/tex/latex/hyperref/puenc.def
File: puenc.def 2018/09/30 v6.88a Hyperref: PDF Unicode definition (HO)
)
(/home/mateo/.miktex/texmfs/install/tex/generic/oberdiek/stringenc.sty
Package: stringenc 2016/05/16 v1.11 Convert strings between diff. encodings (HO
)
)
\pdfm@box=\box26
\c@Hy@AnnotLevel=\count97
\HyField@AnnotCount=\count98
\Fld@listcount=\count99
\c@bookmark@seq@number=\count100

(/home/mateo/.miktex/texmfs/install/tex/latex/oberdiek/rerunfilecheck.sty
Package: rerunfilecheck 2016/05/16 v1.8 Rerun checks for auxiliary files (HO)
Package uniquecounter Info: New unique counter `rerunfilecheck' on input line 2
82.
)
\Hy@SectionHShift=\skip43
)
Package hyperref Info: Option `linktocpage' set `true' on input line 26.
Package hyperref Info: Option `colorlinks' set `true' on input line 26.

(/home/mateo/.miktex/texmfs/install/tex/latex/amsmath/amsmath.sty
Package: amsmath 2017/09/02 v2.17a AMS math features
\@mathmargin=\skip44

For additional information on amsmath, use the `?' option.
(/home/mateo/.miktex/texmfs/install/tex/latex/amsmath/amstext.sty
Package: amstext 2000/06/29 v2.01 AMS text

(/home/mateo/.miktex/texmfs/install/tex/latex/amsmath/amsgen.sty
File: amsgen.sty 1999/11/30 v2.0 generic functions
\@emptytoks=\toks15
\ex@=\dimen109
))
(/home/mateo/.miktex/texmfs/install/tex/latex/amsmath/amsbsy.sty
Package: amsbsy 1999/11/29 v1.2d Bold Symbols
\pmbraise@=\dimen110
)
(/home/mateo/.miktex/texmfs/install/tex/latex/amsmath/amsopn.sty
Package: amsopn 2016/03/08 v2.02 operator names
)
\inf@bad=\count101
LaTeX Info: Redefining \frac on input line 213.
\uproot@=\count102
\leftroot@=\count103
LaTeX Info: Redefining \overline on input line 375.
\classnum@=\count104
\DOTSCASE@=\count105
LaTeX Info: Redefining \ldots on input line 472.
LaTeX Info: Redefining \dots on input line 475.
LaTeX Info: Redefining \cdots on input line 596.
\Mathstrutbox@=\box27
\strutbox@=\box28
\big@size=\dimen111
LaTeX Font Info:    Redeclaring font encoding OML on input line 712.
LaTeX Font Info:    Redeclaring font encoding OMS on input line 713.
\macc@depth=\count106
\c@MaxMatrixCols=\count107
\dotsspace@=\muskip11
\c@parentequation=\count108
\dspbrk@lvl=\count109
\tag@help=\toks16
\row@=\count110
\column@=\count111
\maxfields@=\count112
\andhelp@=\toks17
\eqnshift@=\dimen112
\alignsep@=\dimen113
\tagshift@=\dimen114
\tagwidth@=\dimen115
\totwidth@=\dimen116
\lineht@=\dimen117
\@envbody=\toks18
\multlinegap=\skip45
\multlinetaggap=\skip46
\mathdisplay@stack=\toks19
LaTeX Info: Redefining \[ on input line 2817.
LaTeX Info: Redefining \] on input line 2818.
)
(/home/mateo/.miktex/texmfs/install/tex/latex/amsfonts/amssymb.sty
Package: amssymb 2013/01/14 v3.01 AMS font symbols

(/home/mateo/.miktex/texmfs/install/tex/latex/amsfonts/amsfonts.sty
Package: amsfonts 2013/01/14 v3.01 Basic AMSFonts support
\symAMSa=\mathgroup4
\symAMSb=\mathgroup5
LaTeX Font Info:    Overwriting math alphabet `\mathfrak' in version `bold'
(Font)                  U/euf/m/n --> U/euf/b/n on input line 106.
))
(/home/mateo/.miktex/texmfs/install/tex/latex/natbib/natbib.sty
Package: natbib 2010/09/13 8.31b (PWD, AO)
\bibhang=\skip47
\bibsep=\skip48
LaTeX Info: Redefining \cite on input line 694.
\c@NAT@ctr=\count113
)
(/home/mateo/.miktex/texmfs/install/tex/latex/titlesec/titlesec.sty
Package: titlesec 2016/03/21 v2.10.2 Sectioning titles
\ttl@box=\box29
\beforetitleunit=\skip49
\aftertitleunit=\skip50
\ttl@plus=\dimen118
\ttl@minus=\dimen119
\ttl@toksa=\toks20
\titlewidth=\dimen120
\titlewidthlast=\dimen121
\titlewidthfirst=\dimen122
)
(/home/mateo/.miktex/texmfs/install/tex/latex/units/units.sty
Package: units 1998/08/04 v0.9b Typesetting units

(/home/mateo/.miktex/texmfs/install/tex/latex/base/ifthen.sty
Package: ifthen 2014/09/29 v1.1c Standard LaTeX ifthen package (DPC)
)
(/home/mateo/.miktex/texmfs/install/tex/latex/units/nicefrac.sty
Package: nicefrac 1998/08/04 v0.9b Nice fractions
\L@UnitsRaiseDisplaystyle=\skip51
\L@UnitsRaiseTextstyle=\skip52
\L@UnitsRaiseScriptstyle=\skip53
LaTeX Info: Redefining \nicefrac on input line 131.
))
(/home/mateo/.miktex/texmfs/install/tex/latex/tools/verbatim.sty
Package: verbatim 2014/10/28 v1.5q LaTeX2e package for verbatim enhancements
\every@verbatim=\toks21
\verbatim@line=\toks22
\verbatim@in@stream=\read1
)
(/home/mateo/.miktex/texmfs/install/tex/latex/physics/physics.sty
Package: physics 

(/home/mateo/.miktex/texmfs/install/tex/latex/l3packages/xparse/xparse.sty
(/home/mateo/.miktex/texmfs/install/tex/latex/l3kernel/expl3.sty
Package: expl3 2018-10-19 L3 programming layer (loader) 

(/home/mateo/.miktex/texmfs/install/tex/latex/l3kernel/expl3-code.tex
Package: expl3 2018-10-19 L3 programming layer (code)
\c_max_int=\count114
\l_tmpa_int=\count115
\l_tmpb_int=\count116
\g_tmpa_int=\count117
\g_tmpb_int=\count118
\g__kernel_prg_map_int=\count119
\c_log_iow=\count120
\l_iow_line_count_int=\count121
\l__iow_line_target_int=\count122
\l__iow_one_indent_int=\count123
\l__iow_indent_int=\count124
\c_zero_dim=\dimen123
\c_max_dim=\dimen124
\l_tmpa_dim=\dimen125
\l_tmpb_dim=\dimen126
\g_tmpa_dim=\dimen127
\g_tmpb_dim=\dimen128
\c_zero_skip=\skip54
\c_max_skip=\skip55
\l_tmpa_skip=\skip56
\l_tmpb_skip=\skip57
\g_tmpa_skip=\skip58
\g_tmpb_skip=\skip59
\c_zero_muskip=\muskip12
\c_max_muskip=\muskip13
\l_tmpa_muskip=\muskip14
\l_tmpb_muskip=\muskip15
\g_tmpa_muskip=\muskip16
\g_tmpb_muskip=\muskip17
\l_keys_choice_int=\count125
\l__intarray_loop_int=\count126
\c__intarray_sp_dim=\dimen129
\g__intarray_font_int=\count127
\c__fp_leading_shift_int=\count128
\c__fp_middle_shift_int=\count129
\c__fp_trailing_shift_int=\count130
\c__fp_big_leading_shift_int=\count131
\c__fp_big_middle_shift_int=\count132
\c__fp_big_trailing_shift_int=\count133
\c__fp_Bigg_leading_shift_int=\count134
\c__fp_Bigg_middle_shift_int=\count135
\c__fp_Bigg_trailing_shift_int=\count136
\g__fp_array_int=\count137
\l__fp_array_loop_int=\count138
\l__sort_length_int=\count139
\l__sort_min_int=\count140
\l__sort_top_int=\count141
\l__sort_max_int=\count142
\l__sort_true_max_int=\count143
\l__sort_block_int=\count144
\l__sort_begin_int=\count145
\l__sort_end_int=\count146
\l__sort_A_int=\count147
\l__sort_B_int=\count148
\l__sort_C_int=\count149
\l__tl_analysis_normal_int=\count150
\l__tl_analysis_index_int=\count151
\l__tl_analysis_nesting_int=\count152
\l__tl_analysis_type_int=\count153
\l__regex_internal_a_int=\count154
\l__regex_internal_b_int=\count155
\l__regex_internal_c_int=\count156
\l__regex_balance_int=\count157
\l__regex_group_level_int=\count158
\l__regex_mode_int=\count159
\c__regex_cs_in_class_mode_int=\count160
\c__regex_cs_mode_int=\count161
\l__regex_catcodes_int=\count162
\l__regex_default_catcodes_int=\count163
\c__regex_catcode_L_int=\count164
\c__regex_catcode_O_int=\count165
\c__regex_catcode_A_int=\count166
\c__regex_all_catcodes_int=\count167
\l__regex_show_lines_int=\count168
\l__regex_min_state_int=\count169
\l__regex_max_state_int=\count170
\l__regex_left_state_int=\count171
\l__regex_right_state_int=\count172
\l__regex_capturing_group_int=\count173
\l__regex_min_pos_int=\count174
\l__regex_max_pos_int=\count175
\l__regex_curr_pos_int=\count176
\l__regex_start_pos_int=\count177
\l__regex_success_pos_int=\count178
\l__regex_curr_char_int=\count179
\l__regex_curr_catcode_int=\count180
\l__regex_last_char_int=\count181
\l__regex_case_changed_char_int=\count182
\l__regex_curr_state_int=\count183
\l__regex_step_int=\count184
\l__regex_min_active_int=\count185
\l__regex_max_active_int=\count186
\l__regex_replacement_csnames_int=\count187
\l__regex_match_count_int=\count188
\l__regex_min_submatch_int=\count189
\l__regex_submatch_int=\count190
\l__regex_zeroth_submatch_int=\count191
\g__regex_trace_regex_int=\count192
\c_empty_box=\box30
\l_tmpa_box=\box31
\l_tmpb_box=\box32
\g_tmpa_box=\box33
\g_tmpb_box=\box34
\l__box_top_dim=\dimen130
\l__box_bottom_dim=\dimen131
\l__box_left_dim=\dimen132
\l__box_right_dim=\dimen133
\l__box_top_new_dim=\dimen134
\l__box_bottom_new_dim=\dimen135
\l__box_left_new_dim=\dimen136
\l__box_right_new_dim=\dimen137
\l__box_internal_box=\box35
\l__coffin_internal_box=\box36
\l__coffin_internal_dim=\dimen138
\l__coffin_offset_x_dim=\dimen139
\l__coffin_offset_y_dim=\dimen140
\l__coffin_x_dim=\dimen141
\l__coffin_y_dim=\dimen142
\l__coffin_x_prime_dim=\dimen143
\l__coffin_y_prime_dim=\dimen144
\c_empty_coffin=\box37
\l__coffin_aligned_coffin=\box38
\l__coffin_aligned_internal_coffin=\box39
\l_tmpa_coffin=\box40
\l_tmpb_coffin=\box41
\l__coffin_display_coffin=\box42
\l__coffin_display_coord_coffin=\box43
\l__coffin_display_pole_coffin=\box44
\l__coffin_display_offset_dim=\dimen145
\l__coffin_display_x_dim=\dimen146
\l__coffin_display_y_dim=\dimen147
\g__file_internal_ior=\read2
\l__coffin_bounding_shift_dim=\dimen148
\l__coffin_left_corner_dim=\dimen149
\l__coffin_right_corner_dim=\dimen150
\l__coffin_bottom_corner_dim=\dimen151
\l__coffin_top_corner_dim=\dimen152
\l__coffin_scaled_total_height_dim=\dimen153
\l__coffin_scaled_width_dim=\dimen154
\l__seq_internal_a_int=\count193
\l__seq_internal_b_int=\count194
)
(/home/mateo/.miktex/texmfs/install/tex/latex/l3kernel/l3xdvipdfmx.def
File: l3xdvidpfmx.def 2018-10-19 v L3 Experimental driver: xdvipdfmx
\g__driver_image_int=\count195
\g__driver_pdf_object_int=\count196
))
Package: xparse 2018-10-17 L3 Experimental document command parser
\l__xparse_current_arg_int=\count197
\g__xparse_grabber_int=\count198
\l__xparse_m_args_int=\count199
\l__xparse_mandatory_args_int=\count266
\l__xparse_v_nesting_int=\count267
))
(/home/mateo/.miktex/texmfs/install/tex/latex/jknappen/mathrsfs.sty
Package: mathrsfs 1996/01/01 Math RSFS package v1.0 (jk)
\symrsfs=\mathgroup6
)
(/home/mateo/.miktex/texmfs/install/tex/latex/carlisle/slashed.sty
Package: slashed 1997/01/16 v0.01 Feynman Slashed Character Notation (DPC)
)
(/home/mateo/.miktex/texmfs/install/tex/latex/mathtools/mathtools.sty
Package: mathtools 2018/01/08 v1.21 mathematical typesetting tools

(/home/mateo/.miktex/texmfs/install/tex/latex/tools/calc.sty
Package: calc 2017/05/25 v4.3 Infix arithmetic (KKT,FJ)
\calc@Acount=\count268
\calc@Bcount=\count269
\calc@Adimen=\dimen155
\calc@Bdimen=\dimen156
\calc@Askip=\skip60
\calc@Bskip=\skip61
LaTeX Info: Redefining \setlength on input line 80.
LaTeX Info: Redefining \addtolength on input line 81.
\calc@Ccount=\count270
\calc@Cskip=\skip62
)
(/home/mateo/.miktex/texmfs/install/tex/latex/mathtools/mhsetup.sty
Package: mhsetup 2017/03/31 v1.3 programming setup (MH)
)
LaTeX Info: Thecontrolsequence`\('isalreadyrobust on input line 129.
LaTeX Info: Thecontrolsequence`\)'isalreadyrobust on input line 129.
LaTeX Info: Thecontrolsequence`\['isalreadyrobust on input line 129.
LaTeX Info: Thecontrolsequence`\]'isalreadyrobust on input line 129.
\g_MT_multlinerow_int=\count271
\l_MT_multwidth_dim=\dimen157
\origjot=\skip63
\l_MT_shortvdotswithinadjustabove_dim=\dimen158
\l_MT_shortvdotswithinadjustbelow_dim=\dimen159
\l_MT_above_intertext_sep=\dimen160
\l_MT_below_intertext_sep=\dimen161
\l_MT_above_shortintertext_sep=\dimen162
\l_MT_below_shortintertext_sep=\dimen163
)
(/home/mateo/.miktex/texmfs/install/tex/latex/graphics/color.sty
Package: color 2016/07/10 v1.1e Standard LaTeX Color (DPC)

(/home/mateo/.miktex/texmfs/install/tex/latex/graphics-cfg/color.cfg
File: color.cfg 2016/01/02 v1.6 sample color configuration
)
Package color Info: Driver file: xetex.def on input line 147.
)
(/home/mateo/.miktex/texmfs/install/tex/latex/tocloft/tocloft.sty
Package: tocloft 2017/08/31 v2.3i parameterised ToC, etc., typesetting
Package tocloft Info: The document has chapter divisions on input line 51.
\cftparskip=\skip64
\cftbeforetoctitleskip=\skip65
\cftaftertoctitleskip=\skip66
\cftbeforepartskip=\skip67
\cftpartnumwidth=\skip68
\cftpartindent=\skip69
\cftbeforechapskip=\skip70
\cftchapindent=\skip71
\cftchapnumwidth=\skip72
\cftbeforesecskip=\skip73
\cftsecindent=\skip74
\cftsecnumwidth=\skip75
\cftbeforesubsecskip=\skip76
\cftsubsecindent=\skip77
\cftsubsecnumwidth=\skip78
\cftbeforesubsubsecskip=\skip79
\cftsubsubsecindent=\skip80
\cftsubsubsecnumwidth=\skip81
\cftbeforeparaskip=\skip82
\cftparaindent=\skip83
\cftparanumwidth=\skip84
\cftbeforesubparaskip=\skip85
\cftsubparaindent=\skip86
\cftsubparanumwidth=\skip87
\cftbeforeloftitleskip=\skip88
\cftafterloftitleskip=\skip89
\cftbeforefigskip=\skip90
\cftfigindent=\skip91
\cftfignumwidth=\skip92
\c@lofdepth=\count272
\c@lotdepth=\count273
\cftbeforelottitleskip=\skip93
\cftafterlottitleskip=\skip94
\cftbeforetabskip=\skip95
\cfttabindent=\skip96
\cfttabnumwidth=\skip97
)
(/home/mateo/.miktex/texmfs/install/tex/latex/pdfsync/pdfsync.sty
Package: pdfsync 2008/01/26 v1.1
) (fltpage.sty
Package: fltpage 1998/10/29 v.0.3 Floats on full page (SMU)
(/home/mateo/.miktex/texmfs/install/tex/latex/tools/afterpage.sty
Package: afterpage 2014/10/28 v1.08 After-Page Package (DPC)
\AP@output=\toks23
\AP@partial=\box45
\AP@footins=\box46
)
\c@FP@figureC=\count274
\c@FP@tableC=\count275
\FP@floatCorpusBOX=\box47
)
(/home/mateo/.miktex/texmfs/install/tex/latex/natbib/bibentry.sty
Package: bibentry 2007/10/30 1.5 (PWD)
) (thesis.bbl) (/home/mateo/.miktex/texmfs/install/tex/latex/lettrine/lettrine.
sty
File: lettrine.sty 2018-08-28 v2.21 (Daniel Flipo)

(/home/mateo/.miktex/texmfs/install/tex/generic/minifp/minifp.sty
Package: minifp 2013/12/30 v0.96. Macros for real number operations and a stack
-based programing language.
\MFP@loopctr=\count276
)
\c@DefaultLines=\count277
\c@DefaultDepth=\count278
\DefaultFindent=\dimen164
\DefaultNindent=\dimen165
\DefaultSlope=\dimen166
\DiscardVskip=\dimen167
\L@lbox=\box48
\L@tbox=\box49
\c@L@lines=\count279
\c@L@depth=\count280
\L@Pindent=\dimen168
\L@Findent=\dimen169
\L@Nindent=\dimen170
\L@lraise=\dimen171
\L@first=\dimen172
\L@next=\dimen173
\L@slope=\dimen174
\L@height=\dimen175
\L@novskip=\dimen176
\L@target@ht=\dimen177
\L@target@dp=\dimen178
\L@target@tht=\dimen179
\LettrineWidth=\dimen180
\LettrineHeight=\dimen181
\LettrineDepth=\dimen182

Loading lettrine.cfg
(/home/mateo/.miktex/texmfs/install/tex/latex/lettrine/lettrine.cfg))
(/home/mateo/.miktex/texmfs/install/tex/latex/geometry/geometry.sty
Package: geometry 2018/04/16 v5.8 Page Geometry
\Gm@cnth=\count281
\Gm@cntv=\count282
\c@Gm@tempcnt=\count283
\Gm@bindingoffset=\dimen183
\Gm@wd@mp=\dimen184
\Gm@odd@mp=\dimen185
\Gm@even@mp=\dimen186
\Gm@layoutwidth=\dimen187
\Gm@layoutheight=\dimen188
\Gm@layouthoffset=\dimen189
\Gm@layoutvoffset=\dimen190
\Gm@dimlist=\toks24

(/home/mateo/.miktex/texmfs/install/tex/xelatex/xetexconfig/geometry.cfg))
(/home/mateo/.miktex/texmfs/install/tex/latex/fancyhdr/fancyhdr.sty
Package: fancyhdr 2017/06/30 v3.9a Extensive control of page headers and footer
s
\f@nch@headwidth=\skip98
\f@nch@O@elh=\skip99
\f@nch@O@erh=\skip100
\f@nch@O@olh=\skip101
\f@nch@O@orh=\skip102
\f@nch@O@elf=\skip103
\f@nch@O@erf=\skip104
\f@nch@O@olf=\skip105
\f@nch@O@orf=\skip106
)
(/home/mateo/.miktex/texmfs/install/tex/latex/quotchap/quotchap.sty
Package: quotchap 2012/10/20 v1.1 Decorative Chapter Headings with Quotes
\@quotebox=\box50
)
Package color Info: Redefining color chaptergrey on input line 85.

(/home/mateo/.miktex/texmfs/install/tex/latex/titling/titling.sty
Package: titling 2009/09/04 v2.1d maketitle typesetting
\thanksmarkwidth=\skip107
\thanksmargin=\skip108
\droptitle=\skip109
)
(/home/mateo/.miktex/texmfs/install/tex/latex/setspace/setspace.sty
Package: setspace 2011/12/19 v6.7a set line spacing
)
(/home/mateo/.miktex/texmfs/install/tex/latex/booktabs/booktabs.sty
Package: booktabs 2005/04/14 v1.61803 publication quality tables
\heavyrulewidth=\dimen191
\lightrulewidth=\dimen192
\cmidrulewidth=\dimen193
\belowrulesep=\dimen194
\belowbottomsep=\dimen195
\aboverulesep=\dimen196
\abovetopsep=\dimen197
\cmidrulesep=\dimen198
\cmidrulekern=\dimen199
\defaultaddspace=\dimen256
\@cmidla=\count284
\@cmidlb=\count285
\@aboverulesep=\dimen257
\@belowrulesep=\dimen258
\@thisruleclass=\count286
\@lastruleclass=\count287
\@thisrulewidth=\dimen259
)
(/home/mateo/.miktex/texmfs/install/tex/latex/caption/caption.sty
Package: caption 2018/10/06 v3.3-154 Customizing captions (AR)

(/home/mateo/.miktex/texmfs/install/tex/latex/caption/caption3.sty
Package: caption3 2018/09/12 v1.8c caption3 kernel (AR)
Package caption3 Info: TeX engine: e-TeX on input line 64.
\captionmargin=\dimen260
\captionmargin@=\dimen261
\captionwidth=\dimen262
\caption@tempdima=\dimen263
\caption@indent=\dimen264
\caption@parindent=\dimen265
\caption@hangindent=\dimen266
)
Package caption Info: We need package `newfloat' on input line 289.

(/home/mateo/.miktex/texmfs/install/tex/latex/caption/newfloat.sty
Package: newfloat 2018/03/04 v1.1a Defining new floating environments (AR)
)
\c@caption@flags=\count288
\c@ContinuedFloat=\count289
Package caption Info: fltpage package is loaded.
Package caption Info: hyperref package is loaded.
)
(/home/mateo/.miktex/texmfs/install/tex/xelatex/mathspec/mathspec.sty
Package: mathspec 2016/12/22 v0.2b LaTeX Package (Mathematics font selection fo
r XeLaTeX)

(/home/mateo/.miktex/texmfs/install/tex/latex/etoolbox/etoolbox.sty
Package: etoolbox 2018/08/19 v2.5f e-TeX tools for LaTeX (JAW)
\etb@tempcnta=\count290
)
(/home/mateo/.miktex/texmfs/install/tex/latex/fontspec/fontspec.sty
Package: fontspec 2018/07/30 vv2.6h Font selection for XeLaTeX and LuaLaTeX

(/home/mateo/.miktex/texmfs/install/tex/latex/fontspec/fontspec-xetex.sty
Package: fontspec-xetex 2018/07/30 vv2.6h Font selection for XeLaTeX and LuaLaT
eX
\l__fontspec_script_int=\count291
\l__fontspec_language_int=\count292
\l__fontspec_strnum_int=\count293
\l__fontspec_tmp_int=\count294
\l__fontspec_em_int=\count295
\l__fontspec_emdef_int=\count296
\l__fontspec_strong_int=\count297
\l__fontspec_strongdef_int=\count298
\l__fontspec_tmpa_dim=\dimen267
\l__fontspec_tmpb_dim=\dimen268
\l__fontspec_tmpc_dim=\dimen269

(/home/mateo/.miktex/texmfs/install/tex/latex/base/fontenc.sty
Package: fontenc 2017/04/05 v2.0i Standard LaTeX package

(/home/mateo/.miktex/texmfs/install/tex/latex/base/tuenc.def
File: tuenc.def 2017/04/05 v2.0i Standard LaTeX file
LaTeX Font Info:    Redeclaring font encoding TU on input line 82.
))
(/home/mateo/.miktex/texmfs/install/tex/latex/fontspec/fontspec.cfg)
LaTeX Info: Redefining \itshape on input line 3910.
LaTeX Info: Redefining \slshape on input line 3915.
LaTeX Info: Redefining \scshape on input line 3920.
LaTeX Info: Redefining \upshape on input line 3925.
LaTeX Info: Redefining \em on input line 3955.
LaTeX Info: Redefining \emph on input line 3980.
LaTeX Info: Redefining \- on input line 4034.
))
(/home/mateo/.miktex/texmfs/install/tex/latex/xkeyval/xkeyval.sty
Package: xkeyval 2014/12/03 v2.7a package option processing (HA)

(/home/mateo/.miktex/texmfs/install/tex/generic/xkeyval/xkeyval.tex
(/home/mateo/.miktex/texmfs/install/tex/generic/xkeyval/xkvutils.tex
\XKV@toks=\toks25
\XKV@tempa@toks=\toks26
)
\XKV@depth=\count299
File: xkeyval.tex 2014/12/03 v2.7a key=value parser (HA)
))
\c@eu@=\count300
\c@eu@i=\count301
\c@mkern=\count302
)

Package fontspec Info: Font family 'ArnoPro(0)' created for font 'ArnoPro'
(fontspec)             with options [Path = fonts/,Extension =
(fontspec)             .otf,UprightFont=ArnoPro-Regular,BoldFont=ArnoPro-Bold,I
talicFont=ArnoPro-Italic,BoldItalicFont=ArnoPro-BoldItalic,Numbers={OldStyle,Pr
oportional}].
(fontspec)              
(fontspec)              This font family consists of the following NFSS
(fontspec)             series/shapes:
(fontspec)              
(fontspec)             - 'normal' (m/n) with NFSS spec.:
(fontspec)             <->"[fonts/ArnoPro-Regular.otf]/OT:script=latn;language=
DFLT;+onum;+pnum;"
(fontspec)             - 'small caps'  (m/sc) with NFSS spec.:
(fontspec)             <->"[fonts/ArnoPro-Regular.otf]/OT:script=latn;language=
DFLT;+onum;+pnum;+smcp;"
(fontspec)             - 'bold' (bx/n) with NFSS spec.:
(fontspec)             <->"[fonts/ArnoPro-Bold.otf]/OT:script=latn;language=DFL
T;+onum;+pnum;"
(fontspec)             - 'bold small caps'  (bx/sc) with NFSS spec.:
(fontspec)             <->"[fonts/ArnoPro-Bold.otf]/OT:script=latn;language=DFL
T;+onum;+pnum;+smcp;"
(fontspec)             - 'italic' (m/it) with NFSS spec.:
(fontspec)             <->"[fonts/ArnoPro-Italic.otf]/OT:script=latn;language=D
FLT;+onum;+pnum;"
(fontspec)             - 'italic small caps'  (m/itsc) with NFSS spec.:
(fontspec)             <->"[fonts/ArnoPro-Italic.otf]/OT:script=latn;language=D
FLT;+onum;+pnum;+smcp;"
(fontspec)             - 'bold italic' (bx/it) with NFSS spec.:
(fontspec)             <->"[fonts/ArnoPro-BoldItalic.otf]/OT:script=latn;langua
ge=DFLT;+onum;+pnum;"
(fontspec)             - 'bold italic small caps'  (bx/itsc) with NFSS spec.:
(fontspec)             <->"[fonts/ArnoPro-BoldItalic.otf]/OT:script=latn;langua
ge=DFLT;+onum;+pnum;+smcp;"

\symDigits:m:n=\mathgroup7
\symLatin:m:n=\mathgroup8
\symLatin:m:it=\mathgroup9
\symGreek:m:n=\mathgroup10
\symGreek:m:it=\mathgroup11

Package fontspec Info: Font family 'ArnoPro(1)' created for font 'ArnoPro'
(fontspec)             with options [Path = fonts/,Extension =
(fontspec)             .otf,UprightFont=ArnoPro-Regular,BoldFont=ArnoPro-Bold,I
talicFont=ArnoPro-Italic,BoldItalicFont=ArnoPro-BoldItalic].
(fontspec)              
(fontspec)              This font family consists of the following NFSS
(fontspec)             series/shapes:
(fontspec)              
(fontspec)             - 'normal' (m/n) with NFSS spec.:
(fontspec)             <->"[fonts/ArnoPro-Regular.otf]/OT:script=latn;language=
DFLT;"
(fontspec)             - 'small caps'  (m/sc) with NFSS spec.:
(fontspec)             <->"[fonts/ArnoPro-Regular.otf]/OT:script=latn;language=
DFLT;+smcp;"
(fontspec)             - 'bold' (bx/n) with NFSS spec.:
(fontspec)             <->"[fonts/ArnoPro-Bold.otf]/OT:script=latn;language=DFL
T;"
(fontspec)             - 'bold small caps'  (bx/sc) with NFSS spec.:
(fontspec)             <->"[fonts/ArnoPro-Bold.otf]/OT:script=latn;language=DFL
T;+smcp;"
(fontspec)             - 'italic' (m/it) with NFSS spec.:
(fontspec)             <->"[fonts/ArnoPro-Italic.otf]/OT:script=latn;language=D
FLT;"
(fontspec)             - 'italic small caps'  (m/itsc) with NFSS spec.:
(fontspec)             <->"[fonts/ArnoPro-Italic.otf]/OT:script=latn;language=D
FLT;+smcp;"
(fontspec)             - 'bold italic' (bx/it) with NFSS spec.:
(fontspec)             <->"[fonts/ArnoPro-BoldItalic.otf]/OT:script=latn;langua
ge=DFLT;"
(fontspec)             - 'bold italic small caps'  (bx/itsc) with NFSS spec.:
(fontspec)             <->"[fonts/ArnoPro-BoldItalic.otf]/OT:script=latn;langua
ge=DFLT;+smcp;"

LaTeX Font Info:    Redeclaring math alphabet \mathrm on input line 110.
LaTeX Font Info:    Overwriting math alphabet `\mathrm' in version `bold'
(Font)                  TU/ArnoPro(1)/m/n --> TU/ArnoPro(1)/bx/n on input line 
110.
LaTeX Font Info:    Redeclaring math alphabet \mathit on input line 110.
LaTeX Font Info:    Overwriting math alphabet `\mathit' in version `normal'
(Font)                  OT1/cmr/m/it --> TU/ArnoPro(1)/m/it on input line 110.
LaTeX Font Info:    Overwriting math alphabet `\mathit' in version `bold'
(Font)                  OT1/cmr/bx/it --> TU/ArnoPro(1)/m/it on input line 110.

LaTeX Font Info:    Redeclaring math alphabet \mathbf on input line 110.
LaTeX Font Info:    Overwriting math alphabet `\mathbf' in version `normal'
(Font)                  OT1/cmr/bx/n --> TU/ArnoPro(1)/bx/n on input line 110.
LaTeX Font Info:    Overwriting math alphabet `\mathbf' in version `bold'
(Font)                  OT1/cmr/bx/n --> TU/ArnoPro(1)/bx/n on input line 110.
LaTeX Font Info:    Overwriting math alphabet `\mathit' in version `bold'
(Font)                  TU/ArnoPro(1)/m/it --> TU/ArnoPro(1)/bx/it on input lin
e 110.
\symOperators:m:n=\mathgroup12

(/home/mateo/.miktex/texmfs/install/tex/latex/xltxtra/xltxtra.sty
Package: xltxtra 2016/01/21 v0.6 Improvements for the "XeLaTeX" format

(/home/mateo/.miktex/texmfs/install/tex/latex/realscripts/realscripts.sty
Package: realscripts 2016/02/13 v0.3d Access OpenType subscripts and superscrip
ts
\subsupersep=\dimen270
)
(/home/mateo/.miktex/texmfs/install/tex/latex/metalogo/metalogo.sty
Package: metalogo 2010/05/29 v0.12 Extended TeX logo macros
\xl@everylogo=\toks27
\xl@@everylogo=\toks28
LaTeX Info: Redefining \TeX on input line 193.
LaTeX Info: Redefining \LaTeX on input line 202.
LaTeX Info: Redefining \LaTeXe on input line 219.
)
\l__xetex_show_hyphens_wrapping_box=\box51
\l__xetex_show_hyphens_temp_box=\box52
\l__xetex_show_hyphens_final_box=\box53
\g__xetex_show_hyphens_word_box=\box54
)
(/home/mateo/.miktex/texmfs/install/tex/xelatex/xunicode/xunicode.sty
File: xunicode.sty 2011/09/09 v0.981 provides access to latin accents and many 
other characters in Unicode lower plane

(/home/mateo/.miktex/texmfs/install/tex/latex/tipa/t3enc.def
File: t3enc.def 2001/12/31 T3 encoding
LaTeX Font Info:    Font shape `TU/ArnoPro(0)/m/sl' in size <12> not available
(Font)              Font shape `TU/ArnoPro(0)/m/it' tried instead on input line
 316.
)
\tipaTiiicode=\count303
\tipasavetokens=\toks29
\tipachecktokens=\toks30
)

Package fontspec Warning: OpenType feature 'Contextuals=Swash,Alternate'
(fontspec)                (cswh) not available for font
(fontspec)                'ArnoPro-RegularSubhead' with script 'Latin' and
(fontspec)                language 'Default'.


Package fontspec Warning: OpenType feature 'Contextuals=Swash,Alternate'
(fontspec)                (cswh) not available for font
(fontspec)                'ArnoPro-RegularSubhead' with script 'Latin' and
(fontspec)                language 'Default'.


Package fontspec Warning: OpenType feature 'Contextuals=Swash,Alternate'
(fontspec)                (cswh) not available for font
(fontspec)                'ArnoPro-RegularDisplay' with script 'Latin' and
(fontspec)                language 'Default'.


Package fontspec Warning: OpenType feature 'Contextuals=Swash,Alternate'
(fontspec)                (cswh) not available for font
(fontspec)                'ArnoPro-RegularDisplay' with script 'Latin' and
(fontspec)                language 'Default'.


Package fontspec Info: Font family 'ArnoPro(2)' created for font 'ArnoPro'
(fontspec)             with options
(fontspec)             [Mapping=tex-text,Numbers=OldStyle,Ligatures=TeX,Path =
(fontspec)             fonts/,Extension =
(fontspec)             .otf,Mapping=tex-text,Numbers=OldStyle,Ligatures={Common
},SizeFeatures={{Size={-10},
(fontspec)             Font=*-RegularCaption}, {Size={10-13.0}, Font=*},
(fontspec)             {Size={13.01-19.9}, Font=*-RegularSubhead,
(fontspec)             Ligatures=Rare, Contextuals={Swash,Alternate}},
(fontspec)             {Size={19.91-},Font=*-RegularDisplay, Ligatures=Rare,
(fontspec)             Contextuals={Swash,Alternate}}},UprightFont=ArnoPro-Regu
lar,BoldFont=ArnoPro-Bold,ItalicFont=ArnoPro-Italic,BoldItalicFont=ArnoPro-Bold
Italic].
(fontspec)              
(fontspec)              This font family consists of the following NFSS
(fontspec)             series/shapes:
(fontspec)              
(fontspec)             - 'normal' (m/n) with NFSS spec.:
(fontspec)             <-10>"[fonts/ArnoPro-RegularCaption.otf]/OT:script=latn;
language=DFLT;+onum;+liga;mapping=tex-text;"<10-13.0>"[fonts/ArnoPro.otf]/OT:sc
ript=latn;language=DFLT;+onum;+liga;mapping=tex-text;"<13.01-19.9>"[fonts/ArnoP
ro-RegularSubhead.otf]/OT:script=latn;language=DFLT;+onum;+liga;+dlig;+calt;map
ping=tex-text;"<19.91->"[fonts/ArnoPro-RegularDisplay.otf]/OT:script=latn;langu
age=DFLT;+onum;+liga;+dlig;+calt;mapping=tex-text;"
(fontspec)             - 'small caps'  (m/sc) with NFSS spec.:
(fontspec)             <-10>"[fonts/ArnoPro-RegularCaption.otf]/OT:script=latn;
language=DFLT;+onum;+liga;+smcp;mapping=tex-text;"<10-13.0>"[fonts/ArnoPro.otf]
/OT:script=latn;language=DFLT;+onum;+liga;+smcp;mapping=tex-text;"<13.01-19.9>"
[fonts/ArnoPro-RegularSubhead.otf]/OT:script=latn;language=DFLT;+onum;+liga;+dl
ig;+calt;+smcp;mapping=tex-text;"<19.91->"[fonts/ArnoPro-RegularDisplay.otf]/OT
:script=latn;language=DFLT;+onum;+liga;+dlig;+calt;+smcp;mapping=tex-text;"
(fontspec)             - 'bold' (bx/n) with NFSS spec.:
(fontspec)             <->"[fonts/ArnoPro-Bold.otf]/OT:script=latn;language=DFL
T;+onum;+liga;mapping=tex-text;"
(fontspec)             - 'bold small caps'  (bx/sc) with NFSS spec.:
(fontspec)             <->"[fonts/ArnoPro-Bold.otf]/OT:script=latn;language=DFL
T;+onum;+liga;+smcp;mapping=tex-text;"
(fontspec)             - 'italic' (m/it) with NFSS spec.:
(fontspec)             <->"[fonts/ArnoPro-Italic.otf]/OT:script=latn;language=D
FLT;+onum;+liga;mapping=tex-text;"
(fontspec)             - 'italic small caps'  (m/itsc) with NFSS spec.:
(fontspec)             <->"[fonts/ArnoPro-Italic.otf]/OT:script=latn;language=D
FLT;+onum;+liga;+smcp;mapping=tex-text;"
(fontspec)             - 'bold italic' (bx/it) with NFSS spec.:
(fontspec)             <->"[fonts/ArnoPro-BoldItalic.otf]/OT:script=latn;langua
ge=DFLT;+onum;+liga;mapping=tex-text;"
(fontspec)             - 'bold italic small caps'  (bx/itsc) with NFSS spec.:
(fontspec)             <->"[fonts/ArnoPro-BoldItalic.otf]/OT:script=latn;langua
ge=DFLT;+onum;+liga;+smcp;mapping=tex-text;"

LaTeX Info: Redefining \rmfamily on input line 131.
) (thesis.aux (chapters/chapter1.aux) (chapters/chapter2.aux)
(chapters/chapter3.aux) (chapters/chapter4.aux) (chapters/chapter5.aux)
(endmatter/colophon.aux))
\openout1 = `thesis.aux'.

LaTeX Font Info:    Checking defaults for OML/cmm/m/it on input line 6.
LaTeX Font Info:    ... okay on input line 6.
LaTeX Font Info:    Checking defaults for T1/cmr/m/n on input line 6.
LaTeX Font Info:    ... okay on input line 6.
LaTeX Font Info:    Checking defaults for OT1/cmr/m/n on input line 6.
LaTeX Font Info:    ... okay on input line 6.
LaTeX Font Info:    Checking defaults for OMS/cmsy/m/n on input line 6.
LaTeX Font Info:    ... okay on input line 6.
LaTeX Font Info:    Checking defaults for TU/lmr/m/n on input line 6.
LaTeX Font Info:    ... okay on input line 6.
LaTeX Font Info:    Checking defaults for OMX/cmex/m/n on input line 6.
LaTeX Font Info:    ... okay on input line 6.
LaTeX Font Info:    Checking defaults for U/cmr/m/n on input line 6.
LaTeX Font Info:    ... okay on input line 6.
LaTeX Font Info:    Checking defaults for PD1/pdf/m/n on input line 6.
LaTeX Font Info:    ... okay on input line 6.
LaTeX Font Info:    Checking defaults for PU/pdf/m/n on input line 6.
LaTeX Font Info:    ... okay on input line 6.
LaTeX Font Info:    Checking defaults for T3/cmr/m/n on input line 6.
LaTeX Font Info:    Try loading font information for T3+cmr on input line 6.

(/home/mateo/.miktex/texmfs/install/tex/latex/tipa/t3cmr.fd
File: t3cmr.fd 2001/12/31 TIPA font definitions
)
LaTeX Font Info:    ... okay on input line 6.
\AtBeginShipoutBox=\box55
Package hyperref Info: Link coloring ON on input line 6.

(/home/mateo/.miktex/texmfs/install/tex/latex/hyperref/nameref.sty
Package: nameref 2016/05/21 v2.44 Cross-referencing by name of section

(/home/mateo/.miktex/texmfs/install/tex/generic/oberdiek/gettitlestring.sty
Package: gettitlestring 2016/05/16 v1.5 Cleanup title references (HO)
)
\c@section@level=\count304
)
LaTeX Info: Redefining \ref on input line 6.
LaTeX Info: Redefining \pageref on input line 6.
LaTeX Info: Redefining \nameref on input line 6.

(thesis.out) (thesis.out)
\@outlinefile=\write3
\openout3 = `thesis.out'.

Configuring pdfsync
\PDFSYNC@ut=\write4
\openout4 = `thesis.pdfsync'.

\PDFSYNCf@li@=\count305
\PDFSYNC@rder=\count306
**** pdfsync.sty: Synchronizing at \everypar
\PDFSYNCeveryp@r=\toks31
**** pdfsync.sty: Synchronizing at \everymath
\PDFSYNCeverym@th=\toks32
**** pdfsync.sty: Synchronizing at \everyhbox
\PDFSYNCeveryhb@x=\toks33
**** pdfsync.sty: Synchronizing at \everyvbox
\PDFSYNCeveryvb@x=\toks34
**** pdfsync.sty: started

*geometry* detected driver: pdftex
*geometry* verbose mode - [ preamble ] result:
* driver: pdftex
* paper: letterpaper
* layout: <same size as paper>
* layoutoffset:(h,v)=(0.0pt,0.0pt)
* modes: 
* h-part:(L,W,R)=(126.4725pt, 361.34999pt, 126.4725pt)
* v-part:(T,H,B)=(95.39737pt, 556.47656pt, 143.09605pt)
* \paperwidth=614.295pt
* \paperheight=794.96999pt
* \textwidth=361.34999pt
* \textheight=556.47656pt
* \oddsidemargin=54.20251pt
* \evensidemargin=54.20251pt
* \topmargin=-8.74641pt
* \headheight=12.0pt
* \headsep=19.8738pt
* \topskip=12.0pt
* \footskip=30.0pt
* \marginparwidth=47.0pt
* \marginparsep=7.0pt
* \columnsep=10.0pt
* \skip\footins=10.8pt plus 4.0pt minus 2.0pt
* \hoffset=0.0pt
* \voffset=0.0pt
* \mag=1000
* \@twocolumnfalse
* \@twosidefalse
* \@mparswitchfalse
* \@reversemarginfalse
* (1in=72.27pt=25.4mm, 1cm=28.453pt)

Package caption Info: Begin \AtBeginDocument code.
Package caption Info: End \AtBeginDocument code.
Package caption Info: We need package `ragged2e' on input line 6.
(/home/mateo/.miktex/texmfs/install/tex/latex/ms/ragged2e.sty
Package: ragged2e 2009/05/21 v2.1 ragged2e Package (MS)

(/home/mateo/.miktex/texmfs/install/tex/latex/ms/everysel.sty
Package: everysel 2011/10/28 v1.2 EverySelectfont Package (MS)

ABD: EverySelectfont initializing macros
LaTeX Info: Redefining \selectfont on input line 126.
)
\CenteringLeftskip=\skip110
\RaggedLeftLeftskip=\skip111
\RaggedRightLeftskip=\skip112
\CenteringRightskip=\skip113
\RaggedLeftRightskip=\skip114
\RaggedRightRightskip=\skip115
\CenteringParfillskip=\skip116
\RaggedLeftParfillskip=\skip117
\RaggedRightParfillskip=\skip118
\JustifyingParfillskip=\skip119
\CenteringParindent=\skip120
\RaggedLeftParindent=\skip121
\RaggedRightParindent=\skip122
\JustifyingParindent=\skip123
) (frontmatter/coverpage.tex)
(/home/mateo/.miktex/texmfs/install/tex/generic/oberdiek/se-ascii-print.def
File: se-ascii-print.def 2016/05/16 v1.11 stringenc: Printable ASCII characters

)
[1

] [2] (frontmatter/abstract.tex
Underfull \hbox (badness 10000) in paragraph at lines 2--3

 []

LaTeX Font Info:    Try loading font information for U+msa on input line 4.
(/home/mateo/.miktex/texmfs/install/tex/latex/amsfonts/umsa.fd
File: umsa.fd 2013/01/14 v3.01 AMS symbols A
)
LaTeX Font Info:    Try loading font information for U+msb on input line 4.

(/home/mateo/.miktex/texmfs/install/tex/latex/amsfonts/umsb.fd
File: umsb.fd 2013/01/14 v3.01 AMS symbols B
)
LaTeX Font Info:    Try loading font information for U+rsfs on input line 4.

(/home/mateo/.miktex/texmfs/install/tex/latex/jknappen/ursfs.fd
File: ursfs.fd 1998/03/24 rsfs font definition file (jk)
)
Overfull \hbox (22.8021pt too wide) in paragraph at lines 4--5
\TU/ArnoPro(2)/m/n/12 boson generated via a kind of dynamical Higgs mechanism, 
the presence of confinement
 []


Overfull \hbox (1.55673pt too wide) in paragraph at lines 6--7
\TU/ArnoPro(2)/m/n/12 lattice model is numerically studied using exact diagonal
ization methods. We study
 []


Overfull \hbox (0.33804pt too wide) in paragraph at lines 6--7
\TU/ArnoPro(2)/m/n/12 such as the chiral condensate density as a consequence of
 the introduction of global
 []


Underfull \hbox (badness 10000) in paragraph at lines 9--10

 []


Overfull \hbox (23.55406pt too wide) in paragraph at lines 11--12
\TU/ArnoPro(2)/m/n/12 modelo sin masa es completamente soluble y exhibe fenómen
os físicos muy interesantes
 []


Overfull \hbox (17.87405pt too wide) in paragraph at lines 11--12
\TU/ArnoPro(2)/m/n/12 como lo son una anomalía quiral, un bosón masivo generado
 por un tipo de mecanismo
 []


Package Fancyhdr Warning: \headheight is too small (12.0pt): 
 Make it at least 14.49998pt.
 We now make it that large for the rest of the document.
 This may cause the page layout to be inconsistent, however.

[3])
Overfull \hbox (6.45673pt too wide) in paragraph at lines 14--12
\TU/ArnoPro(2)/m/n/12 de Jordan-Wigner. Este modelo discreto se estudia numéric
amente usando métodos
 []


Overfull \hbox (18.48476pt too wide) in paragraph at lines 14--12
\TU/ArnoPro(2)/m/n/12 de orden tanto en el modelo libre sin masa como en el mod
elo masivo. Adicionalmente,
 []


Overfull \hbox (6.57008pt too wide) in paragraph at lines 14--12
\TU/ArnoPro(2)/m/n/12 base y el comportamiento de parámetros de orden como la d
ensidad del condensado
 []


Overfull \hbox (7.44208pt too wide) in paragraph at lines 14--12
\TU/ArnoPro(2)/m/n/12 quiral como consecuencia de la introducción de un quench 
global tanto en el modelo
 []


Package Fancyhdr Warning: \headheight is too small (12.0pt): 
 Make it at least 14.49998pt.
 We now make it that large for the rest of the document.
 This may cause the page layout to be inconsistent, however.

[4]
LaTeX Font Info:    Try loading font information for T1+ppl on input line 13.
 (/home/mateo/.miktex/texmfs/install/tex/latex/psnfss/t1ppl.fd
File: t1ppl.fd 2001/06/04 font definitions for T1/ppl.
) (thesis.toc
[5

])
\tf@toc=\write5
\openout5 = `thesis.toc'.

 [6] (thesis.lof
Overfull \hbox (4.43207pt too wide) in paragraph at lines 15--15
 \TU/ArnoPro(2)/m/n/12 structure and avoid clutter. (B) Single particle excitat
ion spectrum 
 []

[7

]
Overfull \hbox (2.63013pt too wide) in paragraph at lines 21--21
 [][][][] []\TU/ArnoPro(2)/m/n/12 Plot of the ground state energy density for t
he massless interacting 
 []

[8])
\tf@lof=\write6
\openout6 = `thesis.lof'.

 [9] (frontmatter/dedication.tex) [10] (frontmatter/thanks.tex
Overfull \hbox (4.12935pt too wide) in paragraph at lines 3--4
[][][]\TU/ArnoPro(2)/m/n/12 Foremost, I would first like to thank my thesis adv
iser professor Andrés Fernando
 []


Underfull \hbox (badness 10000) in paragraph at lines 3--4

 []


Underfull \hbox (badness 10000) in paragraph at lines 5--6

 []


Underfull \hbox (badness 10000) in paragraph at lines 7--8

 []


Underfull \hbox (badness 10000) in paragraph at lines 9--10

 []

) [11

]
\openout2 = `chapters/chapter1.aux'.

 (chapters/chapter1.tex
Chapter 1.

Underfull \hbox (badness 10000) in paragraph at lines 10--11

 []


Overfull \hbox (0.39008pt too wide) in paragraph at lines 12--13
[][][]\TU/ArnoPro(2)/m/n/12 Hence, this model is a rich playground as a toy mod
el for studying more complex
 []


Underfull \hbox (badness 10000) in paragraph at lines 12--13

 []

[1


]
Underfull \hbox (badness 10000) in paragraph at lines 14--15

 []


Overfull \hbox (14.14354pt too wide) in paragraph at lines 16--17
\TU/ArnoPro(2)/m/n/12 divergence of the Noether current associated to the $[][]
[][]\OT1/cmr/m/n/12 ([])$\TU/ArnoPro(2)/m/n/12 . Furthermore, we comment
 []


Overfull \hbox (20.15408pt too wide) in paragraph at lines 16--17
\TU/ArnoPro(2)/m/n/12 how this anomaly is directly related to the topology of t
he theory and can be understood
 []


Overfull \hbox (5.65804pt too wide) in paragraph at lines 16--17
\TU/ArnoPro(2)/m/n/12 by invoking the Atiyah-Singer index theorem relating the 
index of the Dirac operator
 []


Underfull \hbox (badness 10000) in paragraph at lines 16--17

 []


Overfull \hbox (3.47807pt too wide) in paragraph at lines 26--27
[][]\TU/ArnoPro(2)/m/n/12 As a first step let us study the Lagrangian of QED$[]
[][]$, the close cousin of the Schwinger
 []

[2]
Underfull \hbox (badness 10000) in paragraph at lines 41--42

 []

[3]
\matrixtoks=\toks35
 [4]
Overfull \hbox (2.15546pt too wide) in paragraph at lines 105--106
[][][]\TU/ArnoPro(2)/m/n/12 We can take the divergence of [] and using the fact
 that $[][][][]$ is anti-symmetric
 []

[5]
\matrixtoks=\toks36

Overfull \hbox (17.25317pt too wide) detected at line 131
[][][][] \OT1/cmr/m/n/12 = [][][][][][] = []
 []

[6]
Underfull \hbox (badness 10000) in paragraph at lines 171--172

 []

[7]
Underfull \hbox (badness 10000) in paragraph at lines 197--198

 []

[8]
Overfull \hbox (5.67404pt too wide) in paragraph at lines 218--219
\TU/ArnoPro(2)/m/n/12 background field induces a very interesting physical beha
vior that was first described
 []


Overfull \hbox (9.58606pt too wide) in paragraph at lines 218--219
\TU/ArnoPro(2)/m/n/12 the effect of this background field by considering a part
icle-antiparticle pair separated
 []

File: figures/configuration.png Graphic file (type bmp)
<figures/configuration.png>
Missing character: There is no ² in font cmr12!
Missing character: There is no ² in font cmr12!

Overfull \hbox (2.45007pt too wide) in paragraph at lines 235--236
[][][]\TU/ArnoPro(2)/m/n/12 In essence, we can understand [] as saying that it 
is energetically disfavorable
 []


Underfull \hbox (badness 10000) in paragraph at lines 235--236

 []

[9]
Overfull \hbox (1.64867pt too wide) in paragraph at lines 237--238
\TU/ArnoPro(2)/m/n/12 antiparticle pairs present and the vacuum energy density 
$[][]\OML/cmm/m/it/12 "$ \TU/ArnoPro(2)/m/n/12 is due to the electrostatic
 []

File: figures/discont.png Graphic file (type bmp)
<figures/discont.png>

Overfull \hbox (3.70547pt too wide) in paragraph at lines 248--249
 [][][][] 
 []


Overfull \hbox (0.88873pt too wide) in paragraph at lines 263--264
\TU/ArnoPro(2)/m/n/12 are closely related to the anomaly. Since the functional 
and path integral techniques
 []

[10] [11] [12]
Overfull \hbox (7.87007pt too wide) in paragraph at lines 334--335
[][][]\TU/ArnoPro(2)/m/n/12 Therefore the fermionic part of the generating func
tional is transformed as follows 
 []


Underfull \hbox (badness 10000) in paragraph at lines 348--349

 []

[13] [14]
Overfull \hbox (2.57808pt too wide) in paragraph at lines 409--410
[] \TU/ArnoPro(2)/m/n/12 is an ill-defined sum which should be regularized in o
rder to obtain a sensible
 []


Overfull \hbox (5.1321pt too wide) detected at line 437
[][][]
 []

[15]
Overfull \hbox (8.78474pt too wide) in paragraph at lines 465--466
[][][]\TU/ArnoPro(2)/m/n/12 where the subscript $[][][]$ refers to Euclidean mo
menta. We have that the contribution
 []

[16]
Underfull \hbox (badness 10000) in paragraph at lines 469--471

 []


Overfull \hbox (3.37408pt too wide) in paragraph at lines 490--490
\TU/ArnoPro(2)/m/n/12 procedure, in the path integral formalism, will produce a
 powerful result concerning
 []


Overfull \hbox (14.80472pt too wide) in paragraph at lines 490--490
\TU/ArnoPro(2)/m/n/12 the correlation functions the theory. To derive the resul
t let us consider the correlation
 []

[17]
Overfull \hbox (8.50609pt too wide) in paragraph at lines 504--505
[][][]\TU/ArnoPro(2)/m/n/12 Therefore, under this transformation, the Lagrangia
n is not invariant, as it acquires
 []


Overfull \hbox (4.4998pt too wide) in paragraph at lines 516--517
[][][]\OT1/cmr/m/n/12 [[]]$\TU/ArnoPro(2)/m/n/12 , which in the case of a trans
formation like [] is equal to 1. Hence, expanding
 []

[18]
Overfull \hbox (17.31738pt too wide) in paragraph at lines 530--531
[][][]\TU/ArnoPro(2)/m/n/12 Since this must hold for arbitrary $[][][]$, we hav
e the following relation for the correlation
 []


Overfull \hbox (0.37105pt too wide) in paragraph at lines 536--537
[][]\OML/cmm/m/it/12 @[][][] \OT1/cmr/m/n/12 = []$ \TU/ArnoPro(2)/m/n/12 and ho
lds for time-ordered correlation functions in quantum field theory.
 []


Underfull \hbox (badness 10000) in paragraph at lines 543--544

 []

[19] [20]
Overfull \hbox (3.99808pt too wide) in paragraph at lines 619--620
[][][]\TU/ArnoPro(2)/m/n/12 Here we see the appearance of the number of zero-mo
des of positive and negative
 []


Overfull \hbox (9.93408pt too wide) in paragraph at lines 631--632
[][][]\TU/ArnoPro(2)/m/n/12 These operators act on the subspaces of positive an
d negative chirality respectively.
 []

[21]
Underfull \hbox (badness 10000) in paragraph at lines 638--639

 []


Overfull \hbox (2.6472pt too wide) in paragraph at lines 664--666
[][][][] [] []$\TU/ArnoPro(2)/m/n/12 , we can compactify $[][]\U/msb/m/n/12 R[]
$ \TU/ArnoPro(2)/m/n/12 onto the unit sphere $[][][][]$ and perform the integra
tion
 []

[22]
Overfull \hbox (2.45271pt too wide) in paragraph at lines 671--672
[][][]\TU/ArnoPro(2)/m/n/12 which is in consonance with Fujikawa’s computation 
of the chiral anomaly. Thus,
 []


Overfull \hbox (2.43672pt too wide) in paragraph at lines 681--682
\TU/ArnoPro(2)/m/n/12 universe of length $[][][]$ compactified into a circle $[
][][][]$. We can impose periodic boundary
 []


Overfull \hbox (13.20471pt too wide) in paragraph at lines 688--689
\TU/ArnoPro(2)/m/it/12 field \TU/ArnoPro(2)/m/n/12 which can be treated as an a
diabatic perturbation to the system. As a consequence
 []

[23]
Underfull \hbox (badness 10000) in paragraph at lines 699--700

 []

[24]
Underfull \hbox (badness 10000) in paragraph at lines 737--738

 []

[25]
File: figures/spectrum.png Graphic file (type bmp)
<figures/spectrum.png>

Overfull \hbox (2.75812pt too wide) in paragraph at lines 780--781
\TU/ArnoPro(2)/m/n/12 equivalent to $[][][][] \OT1/cmr/m/n/12 = []$\TU/ArnoPro(
2)/m/n/12 . Moreover, the restructuring of the spectrum when $[][][][]$ changes

 []


Overfull \hbox (3.53766pt too wide) in paragraph at lines 780--781
\TU/ArnoPro(2)/m/n/12 from $[][][]$ to $[][][][]\OML/cmm/m/it/12 =[]$ \TU/ArnoP
ro(2)/m/n/12 is non-trivial since the positive chirality levels are shifted dow
nwards
 []

[26]
Overfull \hbox (7.18874pt too wide) in paragraph at lines 791--792
\TU/ArnoPro(2)/m/n/12 charge $[][][]$ since the particle and the hole carry opp
osite electric charges. Nonetheless,
 []

[27]
Underfull \hbox (badness 10000) in paragraph at lines 828--829

 []


Overfull \hbox (1.68605pt too wide) in paragraph at lines 830--831
[][][]\TU/ArnoPro(2)/m/n/12 However, we can also study the anomalous behavior b
y introducing an \TU/ArnoPro(2)/m/it/12 ultraviolet
 []


Overfull \hbox (7.21675pt too wide) in paragraph at lines 830--831
\TU/ArnoPro(2)/m/n/12 quantity. To obtain a sensible result, we have to introdu
ce a gauge invariant regulator.
 []


Overfull \hbox (14.27998pt too wide) in paragraph at lines 830--831
\TU/ArnoPro(2)/m/n/12 invariance and electric charge conservation. A regulariza
tion procedure that preserves
 []

[28] [29]
Overfull \hbox (11.25412pt too wide) in paragraph at lines 871--872
[][][]\TU/ArnoPro(2)/m/n/12 hence, by using result [] we find that in fact, the
 electric charge $[][][]$ is conserved 
 []


Underfull \hbox (badness 10000) in paragraph at lines 883--884

 []


Overfull \hbox (5.94876pt too wide) in paragraph at lines 885--886
\TU/ArnoPro(2)/m/n/12 physically relevant quantities. Note that both the crossi
ng of the levels at the vacuum
 []


Overfull \hbox (1.68208pt too wide) in paragraph at lines 885--886
\TU/ArnoPro(2)/m/n/12 energy and the departure beyond the ultraviolet cut-off a
re simultaneous processes.
 []


Overfull \hbox (2.4741pt too wide) in paragraph at lines 885--886
\TU/ArnoPro(2)/m/n/12 Hence, both the infrared and ultraviolet analyses are ade
quate to explain the physics
 []


Overfull \hbox (0.92207pt too wide) in paragraph at lines 885--886
\TU/ArnoPro(2)/m/n/12 of the anomaly as a dynamic restructuring of the energy l
evel of the Dirac spectrum. 
 []

[30]
Overfull \hbox (1.26474pt too wide) in paragraph at lines 891--892
\TU/ArnoPro(2)/m/n/12 theory, which will be very important later on within this
 thesis. Using the equations
 []


Overfull \hbox (6.13008pt too wide) in paragraph at lines 897--898
\TU/ArnoPro(2)/m/n/12 chiral anomaly, has generated a Higgs-like mechanism of ”
dynamic” mass generation
 []


Underfull \hbox (badness 10000) in paragraph at lines 897--898

 []

[31]
Overfull \hbox (9.42477pt too wide) in paragraph at lines 899--900
\TU/ArnoPro(2)/m/n/12 in the vacuum energy density (cf. figure[][]1.2.2[][]) as
 a function of the ratio of background
 []


Underfull \hbox (badness 10000) in paragraph at lines 899--900

 []


Overfull \hbox (34.01688pt too wide) in paragraph at lines 901--902
\TU/ArnoPro(2)/m/n/12 fermionic path integral measure related to an infinitesim
al $[][][][]\OT1/cmr/m/n/12 ([])$ \TU/ArnoPro(2)/m/n/12 symmetry transformation

 []


Overfull \hbox (3.76608pt too wide) in paragraph at lines 907--908
[][][]\TU/ArnoPro(2)/m/n/12 This Jacobian was calculated using a covariant ultr
aviolet regulator and was found
 []


Overfull \hbox (18.3021pt too wide) in paragraph at lines 919--920
[][][]\TU/ArnoPro(2)/m/n/12 Finally, in section [][]1.5[][] we discussed briefl
y how the chiral anomaly derived previously
 []


Underfull \hbox (badness 10000) in paragraph at lines 919--920

 []

[32])
Overfull \hbox (6.98207pt too wide) in paragraph at lines 921--22
[][][]\TU/ArnoPro(2)/m/n/12 To conclude, throughout this chapter we have explor
ed the continuum Schwinger
 []


Overfull \hbox (20.06752pt too wide) in paragraph at lines 921--22
\TU/ArnoPro(2)/m/n/12 showed the model has a chiral anomaly due to a $[][][]\OT
1/cmr/m/n/12 ([])$ \TU/ArnoPro(2)/m/n/12 symmetry breaking. Furthermore,
 []

[33]
\openout2 = `chapters/chapter2.aux'.

 (chapters/chapter2.tex
Chapter 2.

Overfull \hbox (7.42609pt too wide) in paragraph at lines 6--7
[][]\TU/ArnoPro(2)/m/n/12 Many-body systems are usually quite difficult or even
 impossible to solve analytically
 []


Overfull \hbox (16.94206pt too wide) in paragraph at lines 6--7
\TU/ArnoPro(2)/m/n/12 due to the insurmountable difficulties in the calculation
s associated with the staggering
 []


Overfull \hbox (8.3447pt too wide) in paragraph at lines 6--7
\TU/ArnoPro(2)/m/n/12 rich physics. The paradigmatic spin chain model is the He
isenberg model introduced
 []


Overfull \hbox (3.7661pt too wide) in paragraph at lines 6--7
\TU/ArnoPro(2)/m/n/12 where it exhibits quantum phase transitions, analogous to
 classical phase transitions
 []


Underfull \hbox (badness 10000) in paragraph at lines 6--7

 []

[34



]
Overfull \hbox (14.46205pt too wide) in paragraph at lines 8--9
\TU/ArnoPro(2)/m/n/12 and out of equilibrium dynamics within the quantum inform
ation science community
 []


Underfull \hbox (badness 10000) in paragraph at lines 8--9

 []


Overfull \hbox (8.2301pt too wide) in paragraph at lines 10--11
[][][]\TU/ArnoPro(2)/m/n/12 In this chapter, we present the solution of the XY-
model and compute its spectrum
 []


Underfull \hbox (badness 10000) in paragraph at lines 10--11

 []


Overfull \hbox (3.64609pt too wide) in paragraph at lines 12--13
\TU/ArnoPro(2)/m/n/12 borrow results from the solution of the XY-model througho
ut the following chapter.
 []

[35] [36]
Overfull \hbox (3.28148pt too wide) detected at line 42
[]\OT1/cmr/m/n/12 ([]\OML/cmm/m/it/12 ; []; []\OT1/cmr/m/n/12 ) = [] [] [] + []
[] [] [][][][] \OMS/cmsy/m/n/12 ^^@ []\OML/cmm/m/it/12 :
 []


Underfull \hbox (badness 10000) in paragraph at lines 44--45

 []


Overfull \hbox (24.64609pt too wide) in paragraph at lines 46--47
[][][]\TU/ArnoPro(2)/m/n/12 This Hamiltonian can be diagonalized using a combin
ation of Fourier and Bogoliubov
 []


Overfull \hbox (16.81674pt too wide) in paragraph at lines 46--47
\TU/ArnoPro(2)/m/n/12 transformations. First, let us introduce the momentum rep
resentation of the fermionic
 []


Overfull \hbox (2.87119pt too wide) in paragraph at lines 64--65
[][][]\TU/ArnoPro(2)/m/n/12 with $[][][]\OT1/cmr/m/n/12 ([][]) = [] \OMS/cmsy/m
/n/12 ^^@ [] [][][]$ \TU/ArnoPro(2)/m/n/12 and $[][][]\OT1/cmr/m/n/12 ([][]) = 
[][] [][][]$\TU/ArnoPro(2)/m/n/12 . This form of the Hamiltonian
 []


Overfull \hbox (29.6981pt too wide) in paragraph at lines 64--65
\TU/ArnoPro(2)/m/n/12 suggests that in order to diagonalize it we should make u
se of a Bogoliubov transformation
 []

[37]
Overfull \hbox (15.33408pt too wide) in paragraph at lines 95--96
[][][]\TU/ArnoPro(2)/m/n/12 provided that both $[][][][]$ and $[][][][]$ are ei
genstates of the Bogoliubov- de Gennes equations 
 []

[38]
Overfull \hbox (21.10207pt too wide) in paragraph at lines 111--112
[][][]\TU/ArnoPro(2)/m/n/12 Note that applying the Bogoliubov transformation to
gether with the parametrization
 []


Overfull \hbox (2.45406pt too wide) in paragraph at lines 134--135
[][]\TU/ArnoPro(2)/m/n/12 The ground state (or Bogoliubov vacuum) of the Hamilt
onian [] will be labeled
 []

[39]
Overfull \hbox (5.87033pt too wide) in paragraph at lines 152--152
[][][]\TU/ArnoPro(2)/m/n/12 with $[][][][]\OT1/cmr/m/n/12 ([])$ \TU/ArnoPro(2)/
m/n/12 and $[][][][]\OT1/cmr/m/n/12 ([])$ \TU/ArnoPro(2)/m/n/12 the Bogoliubov 
coefficients []. Moreover, this definition
 []


Overfull \hbox (1.7274pt too wide) in paragraph at lines 158--159
[][][]\TU/ArnoPro(2)/m/n/12 Hence, equation [] tells us that $[][][]$ contains 
an even number of $[][][]$-fermions
 []

File: figures/XYPhase.png Graphic file (type bmp)
<figures/XYPhase.png>

Overfull \hbox (5.39662pt too wide) in paragraph at lines 166--167
 [][][][] 
 []

[40] [41]
Overfull \hbox (6.23805pt too wide) in paragraph at lines 190--191
[][][]\TU/ArnoPro(2)/m/n/12 from which we can immediately read the single parti
cle energy dispersion relation
 []

File: figures/XXSpectrum.png Graphic file (type bmp)
<figures/XXSpectrum.png>

Underfull \hbox (badness 10000) in paragraph at lines 203--204

 []

[42]
Underfull \hbox (badness 10000) in paragraph at lines 211--212

 []

[43]
Overfull \hbox (13.53406pt too wide) in paragraph at lines 235--236
\TU/ArnoPro(2)/m/n/12 system, we diagonalized the Hamiltonian by introducing a 
Fourier transform followed
 []


Overfull \hbox (21.40874pt too wide) in paragraph at lines 235--236
\TU/ArnoPro(2)/m/n/12 by Bogoliubov rotation. This combination of unitary trans
formations fully diagonalized
 []


Overfull \hbox (4.23274pt too wide) in paragraph at lines 235--236
\TU/ArnoPro(2)/m/n/12 the fermion Hamiltonian. In this diagonal form, we find t
he single particle spectrum
 []


Overfull \hbox (30.84207pt too wide) in paragraph at lines 241--242
[][][]\TU/ArnoPro(2)/m/n/12 Additionally, by inspecting the ground state writte
n in terms of the Fourier transformed
 []


Overfull \hbox (31.85806pt too wide) in paragraph at lines 247--248
\TU/ArnoPro(2)/m/n/12 correspond to different universality classes, Ising unive
rsality, and Heisenberg universality
 []


Underfull \hbox (badness 10000) in paragraph at lines 247--248

 []

[44]
Overfull \hbox (22.38075pt too wide) in paragraph at lines 249--250
\TU/ArnoPro(2)/m/n/12 energy states are filled following Dirac prescription of 
filling the Dirac sea. Furthermore,
 []

) [45]
\openout2 = `chapters/chapter3.aux'.

 (chapters/chapter3.tex
Chapter 3.

Overfull \hbox (17.1781pt too wide) in paragraph at lines 5--6
[][]\TU/ArnoPro(2)/m/n/12 Lattice models in physics are versions of continuum f
ield theories which are discretized
 []


Overfull \hbox (12.67674pt too wide) in paragraph at lines 5--6
\TU/ArnoPro(2)/m/n/12 continuum behavior of the model can be recovered. Moreove
r, numerical simulations
 []


Underfull \hbox (badness 10000) in paragraph at lines 5--6

 []

[46



]
Overfull \hbox (3.7874pt too wide) in paragraph at lines 7--8
\TU/ArnoPro(2)/m/n/12 Susskind fermions [[], []]. Using the Hamiltonian form of
 the theory (cf. equation
 []


Underfull \hbox (badness 10000) in paragraph at lines 7--8

 []


Overfull \hbox (5.0421pt too wide) in paragraph at lines 9--10
[][][]\TU/ArnoPro(2)/m/n/12 Moreover, we will discuss how gauge invariance fixe
s the form of the Hamiltonian
 []


Overfull \hbox (7.33806pt too wide) in paragraph at lines 9--10
\TU/ArnoPro(2)/m/n/12 from the continuum Hamiltonian and that the lattice model
 inherits the same critical
 []


Underfull \hbox (badness 10000) in paragraph at lines 9--10

 []


Overfull \hbox (19.89673pt too wide) in paragraph at lines 11--12
\TU/ArnoPro(2)/m/n/12 mass term and a Coulomb interaction term to the lattice H
amiltonian. This formulation
 []

File: figures/latice1.png Graphic file (type bmp)
<figures/latice1.png>
File: figures/latice2.png Graphic file (type bmp)
<figures/latice2.png>

Overfull \hbox (3.70547pt too wide) in paragraph at lines 19--22
 [][][][] 
 []

\matrixtoks=\toks37
[47]
\matrixtoks=\toks38

Overfull \hbox (17.73007pt too wide) in paragraph at lines 39--40
[][][]\TU/ArnoPro(2)/m/n/12 and then we can reduce the number of degrees of fre
edom in each site by introducing
 []

[48]
Overfull \hbox (2.61409pt too wide) in paragraph at lines 45--46
[][][]\TU/ArnoPro(2)/m/n/12 Moreover, we can introduce Kogut-Susskind fermions 
[[]] on a staggered lattice
 []


Overfull \hbox (4.16206pt too wide) in paragraph at lines 45--46
\TU/ArnoPro(2)/m/n/12 by defining even and odd sub-lattices which have independ
ent fermion fields related
 []

[49]
Overfull \hbox (28.51273pt too wide) in paragraph at lines 85--86
[][][]\TU/ArnoPro(2)/m/n/12 relates the fermion operators with the spin operato
rs. Hence, the fermion Hamiltonian
 []


Overfull \hbox (5.893pt too wide) in paragraph at lines 91--92
[][][]\TU/ArnoPro(2)/m/n/12 with $[][][] \OT1/cmr/m/n/12 = []\OML/cmm/m/it/12 =
[][]$\TU/ArnoPro(2)/m/n/12 . Hamiltonian [] is a special case of the XX-model H
amiltonian
 []


Underfull \hbox (badness 10000) in paragraph at lines 91--92

 []

[50]
Overfull \hbox (8.17735pt too wide) in paragraph at lines 109--110
[][][]\TU/ArnoPro(2)/m/n/12 A straightforward modification of [] in virtue of [
] allows us to introduce
 []


Underfull \hbox (badness 10000) in paragraph at lines 115--116

 []


Overfull \hbox (4.60207pt too wide) in paragraph at lines 117--118
[][][]\TU/ArnoPro(2)/m/n/12 To do so we use as inspiration the gauge invariant 
point-splitting method [].
 []

[51]
Underfull \hbox (badness 10000) in paragraph at lines 153--154

 []


Overfull \hbox (8.94609pt too wide) in paragraph at lines 155--156
[][][]\TU/ArnoPro(2)/m/n/12 To render the Hamiltonian [] gauge invariant, link 
operators $[][][]$ are introduced
 []


Overfull \hbox (18.85808pt too wide) in paragraph at lines 167--168
\TU/ArnoPro(2)/m/n/12 We introduce this term for the electromagnetic field to t
he lattice formulation following
 []

[52]
Underfull \hbox (badness 10000) in paragraph at lines 173--174

 []


Overfull \hbox (8.32297pt too wide) in paragraph at lines 177--178
[][]\TU/ArnoPro(2)/m/n/12 Let us note that both $[][][][]$ and $[][][][]$ only 
appear in the Hamiltonian trough $[][][][]$. However,
 []

[53]
Overfull \hbox (7.54608pt too wide) in paragraph at lines 216--217
\TU/ArnoPro(2)/m/n/12 tensor product of the spin space and the $[][][]$-space o
f the quantum rotor that represents
 []

[54]
Overfull \hbox (6.91809pt too wide) in paragraph at lines 232--233
[][][]\TU/ArnoPro(2)/m/n/12 Thus, by virtue of this modification the physics of
 the lattice model in the presence
 []


Overfull \hbox (2.10606pt too wide) in paragraph at lines 238--239
[][][]\TU/ArnoPro(2)/m/n/12 In this context of spontaneous symmetry breakdown, 
we can study the dynamics
 []


Overfull \hbox (35.03807pt too wide) in paragraph at lines 250--251
\TU/ArnoPro(2)/m/n/12 order parameters will be used in the following chapter co
ncerning numerical computations
 []

[55]
Underfull \hbox (badness 10000) in paragraph at lines 272--273

 []

[56]
Overfull \hbox (6.41547pt too wide) in paragraph at lines 286--287
[][][]\TU/ArnoPro(2)/m/n/12 where $[][]\OMS/cmsy/m/n/12 E[]$ \TU/ArnoPro(2)/m/n
/12 is the background electric field present in our one-dimensional universe.
 []

File: figures/latice4.png Graphic file (type bmp)
<figures/latice4.png>
File: figures/latice5.png Graphic file (type bmp)
<figures/latice5.png>
[57]
Overfull \hbox (2.05806pt too wide) in paragraph at lines 308--309
[][][]\TU/ArnoPro(2)/m/n/12 Furthermore, by using relation [] we can write the 
electric field Hamiltonian
 []

[58]

Package fontspec Warning: OpenType feature 'Contextuals=Swash,Alternate'
(fontspec)                (cswh) not available for font
(fontspec)                'ArnoPro-RegularSubhead' with script 'Latin' and
(fontspec)                language 'Default'.


Package fontspec Warning: OpenType feature 'Contextuals=Swash,Alternate'
(fontspec)                (cswh) not available for font
(fontspec)                'ArnoPro-RegularSubhead' with script 'Latin' and
(fontspec)                language 'Default'.


Package fontspec Warning: OpenType feature 'Contextuals=Swash,Alternate'
(fontspec)                (cswh) not available for font
(fontspec)                'ArnoPro-RegularDisplay' with script 'Latin' and
(fontspec)                language 'Default'.


Package fontspec Warning: OpenType feature 'Contextuals=Swash,Alternate'
(fontspec)                (cswh) not available for font
(fontspec)                'ArnoPro-RegularDisplay' with script 'Latin' and
(fontspec)                language 'Default'.


Package fontspec Info: Font family 'ArnoPro(3)' created for font 'ArnoPro'
(fontspec)             with options
(fontspec)             [Mapping=tex-text,Numbers=OldStyle,Ligatures=TeX,Path =
(fontspec)             fonts/,Extension =
(fontspec)             .otf,Mapping=tex-text,Numbers=OldStyle,Ligatures={Common
},SizeFeatures={{Size={-10},
(fontspec)             Font=*-RegularCaption}, {Size={10-13.0}, Font=*},
(fontspec)             {Size={13.01-19.9}, Font=*-RegularSubhead,
(fontspec)             Ligatures=Rare, Contextuals={Swash,Alternate}},
(fontspec)             {Size={19.91-},Font=*-RegularDisplay, Ligatures=Rare,
(fontspec)             Contextuals={Swash,Alternate}}},UprightFont=ArnoPro-Regu
lar,BoldFont=ArnoPro-Bold,ItalicFont=ArnoPro-Italic,BoldItalicFont=ArnoPro-Bold
Italic,VerticalPosition=Superior].
(fontspec)              
(fontspec)              This font family consists of the following NFSS
(fontspec)             series/shapes:
(fontspec)              
(fontspec)             - 'normal' (m/n) with NFSS spec.:
(fontspec)             <-10>"[fonts/ArnoPro-RegularCaption.otf]/OT:script=latn;
language=DFLT;+onum;+liga;+sups;mapping=tex-text;"<10-13.0>"[fonts/ArnoPro.otf]
/OT:script=latn;language=DFLT;+onum;+liga;+sups;mapping=tex-text;"<13.01-19.9>"
[fonts/ArnoPro-RegularSubhead.otf]/OT:script=latn;language=DFLT;+onum;+liga;+su
ps;+dlig;+calt;mapping=tex-text;"<19.91->"[fonts/ArnoPro-RegularDisplay.otf]/OT
:script=latn;language=DFLT;+onum;+liga;+sups;+dlig;+calt;mapping=tex-text;"
(fontspec)             - 'small caps'  (m/sc) with NFSS spec.:
(fontspec)             <-10>"[fonts/ArnoPro-RegularCaption.otf]/OT:script=latn;
language=DFLT;+onum;+liga;+sups;+smcp;mapping=tex-text;"<10-13.0>"[fonts/ArnoPr
o.otf]/OT:script=latn;language=DFLT;+onum;+liga;+sups;+smcp;mapping=tex-text;"<
13.01-19.9>"[fonts/ArnoPro-RegularSubhead.otf]/OT:script=latn;language=DFLT;+on
um;+liga;+sups;+dlig;+calt;+smcp;mapping=tex-text;"<19.91->"[fonts/ArnoPro-Regu
larDisplay.otf]/OT:script=latn;language=DFLT;+onum;+liga;+sups;+dlig;+calt;+smc
p;mapping=tex-text;"
(fontspec)             - 'bold' (bx/n) with NFSS spec.:
(fontspec)             <->"[fonts/ArnoPro-Bold.otf]/OT:script=latn;language=DFL
T;+onum;+liga;+sups;mapping=tex-text;"
(fontspec)             - 'bold small caps'  (bx/sc) with NFSS spec.:
(fontspec)             <->"[fonts/ArnoPro-Bold.otf]/OT:script=latn;language=DFL
T;+onum;+liga;+sups;+smcp;mapping=tex-text;"
(fontspec)             - 'italic' (m/it) with NFSS spec.:
(fontspec)             <->"[fonts/ArnoPro-Italic.otf]/OT:script=latn;language=D
FLT;+onum;+liga;+sups;mapping=tex-text;"
(fontspec)             - 'italic small caps'  (m/itsc) with NFSS spec.:
(fontspec)             <->"[fonts/ArnoPro-Italic.otf]/OT:script=latn;language=D
FLT;+onum;+liga;+sups;+smcp;mapping=tex-text;"
(fontspec)             - 'bold italic' (bx/it) with NFSS spec.:
(fontspec)             <->"[fonts/ArnoPro-BoldItalic.otf]/OT:script=latn;langua
ge=DFLT;+onum;+liga;+sups;mapping=tex-text;"
(fontspec)             - 'bold italic small caps'  (bx/itsc) with NFSS spec.:
(fontspec)             <->"[fonts/ArnoPro-BoldItalic.otf]/OT:script=latn;langua
ge=DFLT;+onum;+liga;+sups;+smcp;mapping=tex-text;"


Overfull \hbox (5.85672pt too wide) in paragraph at lines 331--332
[][]\TU/ArnoPro(2)/m/n/12 Let us now explicitly compute the third term in the H
amiltonian[][][][][] []. Expanding
 []

File: figures/effectiveMass_E_N=5.png Graphic file (type bmp)
<figures/effectiveMass_E_N=5.png>

Overfull \hbox (14.26761pt too wide) in paragraph at lines 361--362
 [][][][] 
 []

File: figures/effectiveMass_E_N=25.png Graphic file (type bmp)
<figures/effectiveMass_E_N=25.png>

Overfull \hbox (14.26761pt too wide) in paragraph at lines 365--366
 [][][][] 
 []

[59]
Overfull \hbox (1.44548pt too wide) in paragraph at lines 387--388
[][][]\TU/ArnoPro(2)/m/n/12 with $[][][][] \OT1/cmr/m/n/12 = [][][]\OML/cmm/m/i
t/12 =[]$\TU/ArnoPro(2)/m/n/12 . Note that again the first term of [] is a posi
tion dependent
 []


Underfull \hbox (badness 10000) in paragraph at lines 387--388

 []

File: figures/effectiveMass_xi_N=5.png Graphic file (type bmp)
<figures/effectiveMass_xi_N=5.png>

Overfull \hbox (14.26761pt too wide) in paragraph at lines 393--394
 [][][][] 
 []

File: figures/effectiveMass_xi_N=25.png Graphic file (type bmp)
<figures/effectiveMass_xi_N=25.png>

Overfull \hbox (14.26761pt too wide) in paragraph at lines 397--398
 [][][][] 
 []

[60] [61]
File: figures/c_ij_N=5.png Graphic file (type bmp)
<figures/c_ij_N=5.png>

Overfull \hbox (14.26761pt too wide) in paragraph at lines 429--430
 [][][][] 
 []

File: figures/c_ij_N=25.png Graphic file (type bmp)
<figures/c_ij_N=25.png>

Overfull \hbox (14.26761pt too wide) in paragraph at lines 433--434
 [][][][] 
 []

[62]
Overfull \hbox (5.09007pt too wide) in paragraph at lines 476--477
\TU/ArnoPro(2)/m/n/12 decomposition avoids the \TU/ArnoPro(2)/m/it/12 fermion d
oubling problem\TU/ArnoPro(2)/m/n/12 , that is the appearance of various
 []


Overfull \hbox (7.90341pt too wide) in paragraph at lines 476--477
\TU/ArnoPro(2)/m/n/12 magnetic field in the case of $[][][] \OT1/cmr/m/n/12 = [
]$\TU/ArnoPro(2)/m/n/12 , and with an XX-chain with a staggered transverse
 []


Underfull \hbox (badness 10000) in paragraph at lines 476--477

 []

[63]
Overfull \hbox (15.90474pt too wide) in paragraph at lines 478--479
\TU/ArnoPro(2)/m/n/12 fermions (or spins). Having this result about the electri
c field it was easy to incorporate
 []


Overfull \hbox (5.53008pt too wide) in paragraph at lines 478--479
\TU/ArnoPro(2)/m/n/12 the background field into the formulation, as it boils do
wn to adding the background
 []


Underfull \hbox (badness 10000) in paragraph at lines 478--479

 []


Overfull \hbox (11.8781pt too wide) in paragraph at lines 487--488
[][][]\TU/ArnoPro(2)/m/n/12 Finally, in section [][]3.3[][], we showed that the
 electromagnetic term in the Hamiltonian
 []


Overfull \hbox (19.09811pt too wide) in paragraph at lines 487--488
\TU/ArnoPro(2)/m/n/12 of the lattice model, after imposing Gauss’s law, gives r
ise to three non-trivial interaction
 []


Overfull \hbox (3.3341pt too wide) in paragraph at lines 487--488
\TU/ArnoPro(2)/m/n/12 mass term appears due to the presence Background field $[
][]\OMS/cmsy/m/n/12 E[]$\TU/ArnoPro(2)/m/n/12 . Both this contributions
 []

[64]
Overfull \hbox (10.83272pt too wide) in paragraph at lines 494--495
[][]\TU/ArnoPro(2)/m/n/12 3.3.2[][] respectively. Lastly, another term arising 
from the electromagnetic Hamiltonian
 []

) [65]
\openout2 = `chapters/chapter4.aux'.

 (chapters/chapter4.tex
Chapter 4.

Overfull \hbox (2.97005pt too wide) in paragraph at lines 5--6
[][]\TU/ArnoPro(2)/m/n/12 As commented in previous chapters the Schwinger model
 is a very interesting gauge
 []


Overfull \hbox (5.11009pt too wide) in paragraph at lines 5--6
\TU/ArnoPro(2)/m/n/12 And as such, we take advantage of a discrete version of t
he model in order to simulate
 []


Underfull \hbox (badness 10000) in paragraph at lines 5--6

 []


Overfull \hbox (5.80208pt too wide) in paragraph at lines 7--8
[][][]\TU/ArnoPro(2)/m/n/12 In this chapter we present simulations for three di
stinct models: The free massless
 []


Underfull \hbox (badness 10000) in paragraph at lines 7--8

 []

[66



]
Overfull \hbox (2.99405pt too wide) in paragraph at lines 9--10
\TU/ArnoPro(2)/m/n/12 phenomena in quantum many-body systems sparked primarily 
by the advancement
 []


Overfull \hbox (20.31805pt too wide) in paragraph at lines 9--10
\TU/ArnoPro(2)/m/n/12 of experimental techniques in quantum control and simulat
ion of many-body dynamics
 []


Overfull \hbox (25.09673pt too wide) in paragraph at lines 9--10
\TU/ArnoPro(2)/m/n/12 of interacting quantum systems. Experimental realizations
 of Bose-Einstein condensates
 []


Overfull \hbox (15.28604pt too wide) in paragraph at lines 9--10
\TU/ArnoPro(2)/m/n/12 study of many-body interacting dynamics The careful contr
ol of the system parameters
 []


Overfull \hbox (3.15274pt too wide) in paragraph at lines 9--10
\TU/ArnoPro(2)/m/n/12 and phase transitions emerge and are of great physical in
terest. Hence, an important
 []


Overfull \hbox (0.91275pt too wide) in paragraph at lines 11--12
\TU/ArnoPro(2)/m/n/12 simulated in a computer with python. In the last section 
of this chapter, we simulate
 []


Underfull \hbox (badness 10000) in paragraph at lines 11--12

 []

[67]
Overfull \hbox (0.26205pt too wide) in paragraph at lines 24--25
\TU/ArnoPro(2)/m/n/12 compute a few eigenvalues and corresponding eigenvectors 
of a large sparse matrix,
 []

File: figures/FreeFullSpecBatch_m0_L10.png Graphic file (type bmp)
<figures/FreeFullSpecBatch_m0_L10.png>

Overfull \hbox (1.47716pt too wide) in paragraph at lines 35--37
 [] 
 []

File: figures/FreeFullSpecBatch_m0_L33.png Graphic file (type bmp)
<figures/FreeFullSpecBatch_m0_L33.png>

Overfull \hbox (3.51547pt too wide) in paragraph at lines 39--41
 [] 
 []


Underfull \hbox (badness 10000) in paragraph at lines 46--47

 []

[68]
File: figures/GroundStateE.png Graphic file (type bmp)
<figures/GroundStateE.png>

Underfull \hbox (badness 10000) in paragraph at lines 59--60

 []

File: figures/ExcitedStatesEven_m0_N-2.png Graphic file (type bmp)
<figures/ExcitedStatesEven_m0_N-2.png>

Overfull \hbox (1.47716pt too wide) in paragraph at lines 64--66
 [] 
 []

File: figures/ExcitedStatesOdd_m0_N-2.png Graphic file (type bmp)
<figures/ExcitedStatesOdd_m0_N-2.png>

Overfull \hbox (1.47716pt too wide) in paragraph at lines 68--70
 [] 
 []

[69]
Overfull \hbox (1.41411pt too wide) in paragraph at lines 74--74
[][][]\TU/ArnoPro(2)/m/n/12 Additionally, in figure [][]4.3.3[][] we show the e
nergy densities of the first three excited
 []

[70]
Overfull \hbox (0.66609pt too wide) in paragraph at lines 89--90
\TU/ArnoPro(2)/m/n/12 energy levels and the spectrum of the Hamiltonian we use 
the exact diagonalization
 []

[71]
File: figures/FreeFullSpec_m2.png Graphic file (type bmp)
<figures/FreeFullSpec_m2.png>

Overfull \hbox (1.47716pt too wide) in paragraph at lines 93--95
 [] 
 []

File: figures/FreeFullSpec_m4.png Graphic file (type bmp)
<figures/FreeFullSpec_m4.png>

Overfull \hbox (1.47716pt too wide) in paragraph at lines 97--99
 [] 
 []

File: figures/FreeFullSpec_m6.png Graphic file (type bmp)
<figures/FreeFullSpec_m6.png>

Overfull \hbox (1.47716pt too wide) in paragraph at lines 101--103
 [] 
 []

File: figures/FreeFullSpec_m10.png Graphic file (type bmp)
<figures/FreeFullSpec_m10.png>

Overfull \hbox (1.47716pt too wide) in paragraph at lines 105--107
 [] 
 []


Underfull \hbox (badness 10000) in paragraph at lines 92--108
[][][]$[][][]$$[][][]$
 []

File: figures/ExcitedStatesEven_m2_N-2.png Graphic file (type bmp)
<figures/ExcitedStatesEven_m2_N-2.png>

Overfull \hbox (1.47716pt too wide) in paragraph at lines 114--116
 [] 
 []

File: figures/ExcitedStatesEven_m4_N-2.png Graphic file (type bmp)
<figures/ExcitedStatesEven_m4_N-2.png>

Overfull \hbox (1.47716pt too wide) in paragraph at lines 118--120
 [] 
 []

File: figures/ExcitedStatesEven_m8_N-2.png Graphic file (type bmp)
<figures/ExcitedStatesEven_m8_N-2.png>

Overfull \hbox (1.47716pt too wide) in paragraph at lines 122--124
 [] 
 []

File: figures/ExcitedStatesEven_m15_N-2.png Graphic file (type bmp)
<figures/ExcitedStatesEven_m15_N-2.png>

Overfull \hbox (1.47716pt too wide) in paragraph at lines 126--128
 [] 
 []


Underfull \hbox (badness 10000) in paragraph at lines 113--129
[][][]$[][][]$$[][][]$
 []

[72] [73]
Overfull \hbox (3.19804pt too wide) in paragraph at lines 139--140
\TU/ArnoPro(2)/m/n/12 ground state, is non-degenerate which means there exists 
a single spin configuration
 []


Underfull \hbox (badness 10000) in paragraph at lines 139--140

 []

[74]
Overfull \hbox (1.25407pt too wide) in paragraph at lines 142--143
[][][]\TU/ArnoPro(2)/m/n/12 Of particular interest to us is the structure of th
e ground state and the first excited
 []


Underfull \hbox (badness 10000) in paragraph at lines 142--143

 []


Overfull \hbox (0.78874pt too wide) in paragraph at lines 144--145
\TU/ArnoPro(2)/m/n/12 converge to the ground state energy density, shown as fil
led green circles. Secondly,
 []


Underfull \hbox (badness 10000) in paragraph at lines 144--145

 []

File: figures/gap.png Graphic file (type bmp)
<figures/gap.png>

Overfull \hbox (13.51302pt too wide) in paragraph at lines 160--161
[][][]\TU/ArnoPro(2)/m/n/12 Recall that in the case of the free massive lattice
 Schwinger model, $[][][]\OML/cmm/m/it/12 =[]$ \TU/ArnoPro(2)/m/n/12 is equival
ent
 []

[75]
Underfull \hbox (badness 10000) in paragraph at lines 166--167

 []

File: figures/InteractingGsMassless.png Graphic file (type bmp)
<figures/InteractingGsMassless.png>

LaTeX Warning: `h' float specifier changed to `ht'.


Underfull \hbox (badness 10000) in paragraph at lines 174--175

 []

[76]
Overfull \hbox (1.56207pt too wide) in paragraph at lines 176--177
[][][]\TU/ArnoPro(2)/m/n/12 Additionally, beyond the ground state, we are inter
ested in studying the behavior
 []


Underfull \hbox (badness 10000) in paragraph at lines 176--177

 []

File: figures/ChiralCond_m=00.png Graphic file (type bmp)
<figures/ChiralCond_m=00.png>

Overfull \hbox (1.47716pt too wide) in paragraph at lines 180--182
 [] 
 []

File: figures/ChiralCond_m=20.png Graphic file (type bmp)
<figures/ChiralCond_m=20.png>

Overfull \hbox (1.47716pt too wide) in paragraph at lines 184--186
 [] 
 []


LaTeX Warning: `h' float specifier changed to `ht'.


Overfull \hbox (14.9501pt too wide) in paragraph at lines 190--191
[][][]\TU/ArnoPro(2)/m/n/12 First, in figure [][]4.5.2[][] we observe the resul
ts of chiral condensate density of simulating
 []

[77]
Underfull \hbox (badness 10000) in paragraph at lines 196--197

 []

[78]
File: figures/axial_m=00.png Graphic file (type bmp)
<figures/axial_m=00.png>

Overfull \hbox (1.47716pt too wide) in paragraph at lines 200--202
 [] 
 []

File: figures/axial_m=20.png Graphic file (type bmp)
<figures/axial_m=20.png>

Overfull \hbox (1.47716pt too wide) in paragraph at lines 204--206
 [] 
 []


Overfull \hbox (4.23405pt too wide) in paragraph at lines 210--211
\TU/ArnoPro(2)/m/n/12 background field increases the phenomenon of pair product
ion begins in the system
 []


Underfull \hbox (badness 10000) in paragraph at lines 210--211

 []

[79]
Underfull \hbox (badness 10000) in paragraph at lines 212--213

 []

File: figures/ChiralCond-mm.png Graphic file (type bmp)
<figures/ChiralCond-mm.png>

Overfull \hbox (1.47716pt too wide) in paragraph at lines 216--218
 [] 
 []

File: figures/AxialDensity-mm.png Graphic file (type bmp)
<figures/AxialDensity-mm.png>

Overfull \hbox (1.47716pt too wide) in paragraph at lines 220--222
 [] 
 []

[80]
Overfull \hbox (5.52206pt too wide) in paragraph at lines 230--231
[][]\TU/ArnoPro(2)/m/n/12 The study of closed quantum systems out of equilibriu
m is of the utmost importance
 []


Overfull \hbox (2.6501pt too wide) in paragraph at lines 230--231
\TU/ArnoPro(2)/m/n/12 equilibrium processes are readily present in most areas o
f physics, therefore, a better
 []


Overfull \hbox (25.12206pt too wide) in paragraph at lines 230--231
\TU/ArnoPro(2)/m/n/12 understanding of non-equilibrium phenomena is paramount t
o a broader understanding
 []


Underfull \hbox (badness 10000) in paragraph at lines 230--231

 []

File: figures/quenchProt.png Graphic file (type bmp)
<figures/quenchProt.png>

Overfull \hbox (13.81009pt too wide) in paragraph at lines 240--241
[][][]\TU/ArnoPro(2)/m/n/12 There is a very large number of ways of driving qua
ntum systems out of equilibrium,
 []

[81]
Overfull \hbox (24.67287pt too wide) in paragraph at lines 246--247
[][][]\TU/ArnoPro(2)/m/n/12 Hereafter, let $[][][]\OT1/cmr/m/n/12 ([])$ \TU/Arn
oPro(2)/m/n/12 be the system Hamiltonian dependent on some external parameter
 []

[82]
Underfull \hbox (badness 10000) in paragraph at lines 274--275

 []


Overfull \hbox (34.16603pt too wide) in paragraph at lines 280--281
[][][]\TU/ArnoPro(2)/bx/n/12 Real-time dynamics and relaxation: \TU/ArnoPro(2)/
m/n/12 As a consequence of the abrupt perturbation
 []


Overfull \hbox (22.43806pt too wide) in paragraph at lines 280--281
\TU/ArnoPro(2)/m/n/12 and asymptotic behavior of such a process may give releva
nt physical information
 []

[83]
File: figures/LoschmidtNonInteractingQuenchMassless.png Graphic file (type bmp)

<figures/LoschmidtNonInteractingQuenchMassless.png>


LaTeX Warning: `h' float specifier changed to `ht'.


Underfull \hbox (badness 10000) in paragraph at lines 313--314

 []

[84]
File: figures/chiralNonInteractingQuenchMassless.png Graphic file (type bmp)
<figures/chiralNonInteractingQuenchMassless.png>


LaTeX Warning: `h' float specifier changed to `ht'.


Overfull \hbox (12.36075pt too wide) in paragraph at lines 327--328
\TU/ArnoPro(2)/m/n/12 echo density evolves with time. Note that, the time evolu
tion is given by an oscillatory
 []


Overfull \hbox (18.17807pt too wide) in paragraph at lines 327--328
\TU/ArnoPro(2)/m/n/12 will induce dielectric breakdown from the vacuum followed
 shortly by pair production.
 []

File: figures/LoschmidtInteractingQuenchMassless.png Graphic file (type bmp)
<figures/LoschmidtInteractingQuenchMassless.png>
[85]

LaTeX Warning: `h' float specifier changed to `ht'.


Overfull \hbox (11.71672pt too wide) in paragraph at lines 336--337
\TU/ArnoPro(2)/m/n/12 same manner as we previously commented for the Loschmidt 
echo density. However,
 []


Overfull \hbox (2.53008pt too wide) in paragraph at lines 336--337
\TU/ArnoPro(2)/m/n/12 we see that the axial fermion density oscillates somewhat
 more randomly compared
 []


Overfull \hbox (1.83804pt too wide) in paragraph at lines 336--337
\TU/ArnoPro(2)/m/n/12 density operator is essentially a particle-antiparticle c
reation-annihilation operator.
 []

[86]
File: figures/axialInteractingQuenchMassless.png Graphic file (type bmp)
<figures/axialInteractingQuenchMassless.png>

Overfull \hbox (1.47716pt too wide) in paragraph at lines 341--343
 [] 
 []

File: figures/chiralInteractingQuenchMassless.png Graphic file (type bmp)
<figures/chiralInteractingQuenchMassless.png>

Overfull \hbox (1.47716pt too wide) in paragraph at lines 345--347
 [] 
 []


LaTeX Warning: `h' float specifier changed to `ht'.


Overfull \hbox (11.69676pt too wide) in paragraph at lines 353--354
\TU/ArnoPro(2)/m/n/12 in all of its variants, i.e. the free massless Schwinger 
model, the free massive Schwinger
 []


Overfull \hbox (6.19806pt too wide) in paragraph at lines 353--354
\TU/ArnoPro(2)/m/n/12 model and the massless & massive interacting model with a
nd without a background
 []


Overfull \hbox (8.22475pt too wide) in paragraph at lines 353--354
\TU/ArnoPro(2)/m/n/12 particle spectrum and commented on the structure of the h
alf-filled band. Moreover,
 []


Overfull \hbox (5.6061pt too wide) in paragraph at lines 353--354
\TU/ArnoPro(2)/m/n/12 This value is the continuum limit energy density for the 
XX-model which we showed
 []


Overfull \hbox (6.41408pt too wide) in paragraph at lines 353--354
\TU/ArnoPro(2)/m/n/12 studied the spectrum for varying mass and commented on th
e appearance of distinct
 []


Overfull \hbox (4.06873pt too wide) in paragraph at lines 353--354
\TU/ArnoPro(2)/m/n/12 mass Hamiltonian. We computed the ground state and the fi
rst excited states energy
 []


Underfull \hbox (badness 10000) in paragraph at lines 353--354

 []

[87]
Overfull \hbox (10.61676pt too wide) in paragraph at lines 355--356
\TU/ArnoPro(2)/m/n/12 zero. Additionally, we computed the values of the axial f
ermion and chiral condensate
 []


Overfull \hbox (12.97673pt too wide) in paragraph at lines 355--356
\TU/ArnoPro(2)/m/n/12 parameters in two distinct values at strong coupling. And
 we commented qualitatively
 []


Underfull \hbox (badness 10000) in paragraph at lines 355--356

 []

[88]
Overfull \hbox (8.1741pt too wide) in paragraph at lines 357--358
[][][]\TU/ArnoPro(2)/m/n/12 Finally, in the last section, we briefly introduced
 quantum quenches and described
 []


Overfull \hbox (11.44608pt too wide) in paragraph at lines 357--358
\TU/ArnoPro(2)/m/n/12 model with zero background field to the interacting model
 with non-zero background
 []

) [89]
\openout2 = `chapters/chapter5.aux'.

 (chapters/chapter5.tex
Chapter 5.

Overfull \hbox (24.80072pt too wide) in paragraph at lines 3--4
\TU/ArnoPro(2)/m/n/12 lattice versions. We obtained various important and inter
esting results both theoretically
 []


Underfull \hbox (badness 10000) in paragraph at lines 3--4

 []


Overfull \hbox (8.02475pt too wide) in paragraph at lines 5--6
\TU/ArnoPro(2)/m/n/12 diagonalization method. This was programmed in python usi
ng the package Quspin.
 []


Overfull \hbox (3.47807pt too wide) in paragraph at lines 5--6
\TU/ArnoPro(2)/m/n/12 We computed the ground state energy density, the gap ener
gy, the chiral condensate
 []


Overfull \hbox (8.86874pt too wide) in paragraph at lines 5--6
\TU/ArnoPro(2)/m/n/12 density order parameter, and the axial fermion density or
der parameter. In particular,
 []


Overfull \hbox (5.30608pt too wide) in paragraph at lines 5--6
\TU/ArnoPro(2)/m/n/12 parameter and axial fermion density parameter were studie
d in this non-equilibrium
 []


Underfull \hbox (badness 10000) in paragraph at lines 5--6

 []

[90



])
Overfull \hbox (22.87007pt too wide) in paragraph at lines 7--26
\TU/ArnoPro(2)/m/n/12 dimensional space, and higher dimensional theories carry 
more difficulties an subtleties.
 []


Overfull \hbox (10.3101pt too wide) in paragraph at lines 7--26
\TU/ArnoPro(2)/m/n/12 Another possibility instead of increasing dimensionality 
could be to consider another
 []


Overfull \hbox (2.80206pt too wide) in paragraph at lines 7--26
\TU/ArnoPro(2)/m/n/12 think of continuing the venture along out of equilibrium 
dynamics of the Schwinger
 []

[91] (thesis.bbl [92



]
Underfull \hbox (badness 6526) in paragraph at lines 72--75
[][][]\TU/ArnoPro(2)/m/n/12 E. Lieb, T. Schultz, and D. Mattis.  Two soluble mo
dels of an
 []


Underfull \hbox (badness 1448) in paragraph at lines 77--83
\TU/ArnoPro(2)/m/n/12 magnet in an external magnetic field. Transfer matrix for
malism as an
 []


Underfull \hbox (badness 4467) in paragraph at lines 101--104
[][][]\TU/ArnoPro(2)/m/n/12 C. H. Bennett and D. P. DiVincenzo.  Quantum inform
ation and
 []

[93]) [94]
\openout2 = `endmatter/colophon.aux'.

 (endmatter/colophon.tex
Package lettrine.sty Info: Targeted height = 34.304pt
(lettrine.sty)             (no accent, loversize=0),
(lettrine.sty)             Lettrine height = 34.30397pt (\leavevmode{\color {Cr
imson}T});
(lettrine.sty)             reported on input line 5.
) [95


]
Package atveryend Info: Empty hook `BeforeClearDocument' on input line 36.
Package atveryend Info: Empty hook `AfterLastShipout' on input line 36.
 (thesis.aux (chapters/chapter1.aux)
(chapters/chapter2.aux) (chapters/chapter3.aux) (chapters/chapter4.aux)
(chapters/chapter5.aux) (endmatter/colophon.aux))
Package atveryend Info: Empty hook `AtVeryEndDocument' on input line 36.
Package atveryend Info: Executing hook `AtEndAfterFileList' on input line 36.
Package rerunfilecheck Info: File `thesis.out' has not changed.
(rerunfilecheck)             Checksum: E0F8DD1FADFA388D7292DAC955CE61FB.
Package atveryend Info: Empty hook `AtVeryVeryEnd' on input line 36.
 ) 
Here is how much of TeX's memory you used:
 29015 strings out of 429693
 508161 string characters out of 3179902
 627299 words of memory out of 3000000
 32508 multiletter control sequences out of 15000+200000
 541646 words of font info for 107 fonts, out of 3000000 for 9000
 0 hyphenation exceptions out of 8191
 59i,32n,94p,2404b,617s stack positions out of 5000i,500n,10000p,200000b,50000s

Output written on thesis.pdf (106 pages).
