\BOOKMARK [0][-]{chapter.1}{The\040continuum\040Schwinger\040model}{}% 1
\BOOKMARK [1][-]{section.1.1}{Motivation\040and\040Introduction}{chapter.1}% 2
\BOOKMARK [1][-]{section.1.2}{Lagrangian,\040Hamiltonian\040and\040equations\040of\040motion}{chapter.1}% 3
\BOOKMARK [2][-]{subsection.1.2.1}{The\040Schwinger\040model\040in\040a\040Background\040electric\040field}{section.1.2}% 4
\BOOKMARK [1][-]{section.1.3}{Chiral\040anomaly\040in\040the\040path\040integral\040formalism}{chapter.1}% 5
\BOOKMARK [2][-]{subsection.1.3.1}{Path\040integrals\040and\040the\040Grassman\040Jacobian}{section.1.3}% 6
\BOOKMARK [2][-]{subsection.1.3.2}{Dirac\040operator\040mode\040regularization}{section.1.3}% 7
\BOOKMARK [2][-]{subsection.1.3.3}{Schwinger-Dyson\040equation\040for\040a\040gauge\040symmetry}{section.1.3}% 8
\BOOKMARK [1][-]{section.1.4}{Anomaly,\040index\040and\040topology}{chapter.1}% 9
\BOOKMARK [2][-]{subsection.1.4.1}{Zero-modes\040and\040index\040of\040the\040Dirac\040operator}{section.1.4}% 10
\BOOKMARK [2][-]{subsection.1.4.2}{Atiyah-Singer\040index\040theorem}{section.1.4}% 11
\BOOKMARK [1][-]{section.1.5}{Anomaly\040and\040the\040fermion\040spectrum}{chapter.1}% 12
\BOOKMARK [2][-]{subsection.1.5.1}{Schwinger\040model\040on\040a\040circle}{section.1.5}% 13
\BOOKMARK [2][-]{subsection.1.5.2}{Infrared\040and\040ultraviolet\040behavior}{section.1.5}% 14
\BOOKMARK [1][-]{section.1.6}{Comments\040and\040conclusion}{chapter.1}% 15
\BOOKMARK [0][-]{chapter.2}{Spin\040chains}{}% 16
\BOOKMARK [1][-]{section.2.1}{Motivation\040and\040Introduction}{chapter.2}% 17
\BOOKMARK [1][-]{section.2.2}{The\040XY-model\040in\040a\040transverse\040field}{chapter.2}% 18
\BOOKMARK [2][-]{subsection.2.2.1}{The\040ground\040state}{section.2.2}% 19
\BOOKMARK [2][-]{subsection.2.2.2}{The\040Phase\040Diagram}{section.2.2}% 20
\BOOKMARK [1][-]{section.2.3}{The\040XX-model}{chapter.2}% 21
\BOOKMARK [1][-]{section.2.4}{Comments\040and\040conclusion}{chapter.2}% 22
\BOOKMARK [0][-]{chapter.3}{The\040Schwinger\040model\040in\040a\040lattice}{}% 23
\BOOKMARK [1][-]{section.3.1}{Motivation\040and\040Introduction}{chapter.3}% 24
\BOOKMARK [1][-]{section.3.2}{Lattice\040formulation}{chapter.3}% 25
\BOOKMARK [2][-]{subsection.3.2.1}{Spin\040Hamiltonians}{section.3.2}% 26
\BOOKMARK [2][-]{subsection.3.2.2}{Electric\040field\040operators\040and\040Hilbert\040space}{section.3.2}% 27
\BOOKMARK [2][-]{subsection.3.2.3}{The\040background\040field\040in\040the\040lattice}{section.3.2}% 28
\BOOKMARK [2][-]{subsection.3.2.4}{Gauss\040law}{section.3.2}% 29
\BOOKMARK [1][-]{section.3.3}{Effective\040mass\040and\040Coulomb\040interaction}{chapter.3}% 30
\BOOKMARK [1][-]{section.3.4}{Comment\040and\040conclusion}{chapter.3}% 31
\BOOKMARK [0][-]{chapter.4}{Simulations\040of\040the\040Schwinger\040model}{}% 32
\BOOKMARK [1][-]{section.4.1}{Motivations\040and\040introduction}{chapter.4}% 33
\BOOKMARK [1][-]{section.4.2}{A\040comment\040on\040exact\040diagonalization}{chapter.4}% 34
\BOOKMARK [1][-]{section.4.3}{The\040free\040massless\040Schwinger\040model}{chapter.4}% 35
\BOOKMARK [1][-]{section.4.4}{The\040free\040massive\040Schwinger\040model}{chapter.4}% 36
\BOOKMARK [1][-]{section.4.5}{The\040interacting\040Schwinger\040Model}{chapter.4}% 37
\BOOKMARK [1][-]{section.4.6}{Quantum\040quenches\040in\040the\040Schwinger\040model}{chapter.4}% 38
\BOOKMARK [2][-]{subsection.4.6.1}{Quenches\040from\040the\040free\040model}{section.4.6}% 39
\BOOKMARK [2][-]{subsection.4.6.2}{Quenches\040between\040background\040fields}{section.4.6}% 40
\BOOKMARK [1][-]{section.4.7}{Comments\040and\040conclusion}{chapter.4}% 41
\BOOKMARK [0][-]{chapter.5}{Discussion\040and\040outlook}{}% 42
\BOOKMARK [0][-]{chapter*.29}{References}{}% 43
